{'f': 0, 'i': 0, 'p': 0, 'a': 0, 'b': 0}
set i 31
{'f': 0, 'i': 31, 'p': 0, 'a': 0, 'b': 0}
set a 1
{'f': 0, 'i': 31, 'p': 0, 'a': 1, 'b': 0}
mul p 17
{'f': 0, 'i': 31, 'p': 0, 'a': 1, 'b': 0}
jgz p p
{'f': 0, 'i': 31, 'p': 0, 'a': 1, 'b': 0}
mul a 2
{'f': 0, 'i': 31, 'p': 0, 'a': 2, 'b': 0}
add i -1
{'f': 0, 'i': 30, 'p': 0, 'a': 2, 'b': 0}
jgz i -2
{'f': 0, 'i': 30, 'p': 0, 'a': 2, 'b': 0}
mul a 2
{'f': 0, 'i': 30, 'p': 0, 'a': 4, 'b': 0}
add i -1
{'f': 0, 'i': 29, 'p': 0, 'a': 4, 'b': 0}
jgz i -2
{'f': 0, 'i': 29, 'p': 0, 'a': 4, 'b': 0}
mul a 2
{'f': 0, 'i': 29, 'p': 0, 'a': 8, 'b': 0}
add i -1
{'f': 0, 'i': 28, 'p': 0, 'a': 8, 'b': 0}
jgz i -2
{'f': 0, 'i': 28, 'p': 0, 'a': 8, 'b': 0}
mul a 2
{'f': 0, 'i': 28, 'p': 0, 'a': 16, 'b': 0}
add i -1
{'f': 0, 'i': 27, 'p': 0, 'a': 16, 'b': 0}
jgz i -2
{'f': 0, 'i': 27, 'p': 0, 'a': 16, 'b': 0}
mul a 2
{'f': 0, 'i': 27, 'p': 0, 'a': 32, 'b': 0}
add i -1
{'f': 0, 'i': 26, 'p': 0, 'a': 32, 'b': 0}
jgz i -2
{'f': 0, 'i': 26, 'p': 0, 'a': 32, 'b': 0}
mul a 2
{'f': 0, 'i': 26, 'p': 0, 'a': 64, 'b': 0}
add i -1
{'f': 0, 'i': 25, 'p': 0, 'a': 64, 'b': 0}
jgz i -2
{'f': 0, 'i': 25, 'p': 0, 'a': 64, 'b': 0}
mul a 2
{'f': 0, 'i': 25, 'p': 0, 'a': 128, 'b': 0}
add i -1
{'f': 0, 'i': 24, 'p': 0, 'a': 128, 'b': 0}
jgz i -2
{'f': 0, 'i': 24, 'p': 0, 'a': 128, 'b': 0}
mul a 2
{'f': 0, 'i': 24, 'p': 0, 'a': 256, 'b': 0}
add i -1
{'f': 0, 'i': 23, 'p': 0, 'a': 256, 'b': 0}
jgz i -2
{'f': 0, 'i': 23, 'p': 0, 'a': 256, 'b': 0}
mul a 2
{'f': 0, 'i': 23, 'p': 0, 'a': 512, 'b': 0}
add i -1
{'f': 0, 'i': 22, 'p': 0, 'a': 512, 'b': 0}
jgz i -2
{'f': 0, 'i': 22, 'p': 0, 'a': 512, 'b': 0}
mul a 2
{'f': 0, 'i': 22, 'p': 0, 'a': 1024, 'b': 0}
add i -1
{'f': 0, 'i': 21, 'p': 0, 'a': 1024, 'b': 0}
jgz i -2
{'f': 0, 'i': 21, 'p': 0, 'a': 1024, 'b': 0}
mul a 2
{'f': 0, 'i': 21, 'p': 0, 'a': 2048, 'b': 0}
add i -1
{'f': 0, 'i': 20, 'p': 0, 'a': 2048, 'b': 0}
jgz i -2
{'f': 0, 'i': 20, 'p': 0, 'a': 2048, 'b': 0}
mul a 2
{'f': 0, 'i': 20, 'p': 0, 'a': 4096, 'b': 0}
add i -1
{'f': 0, 'i': 19, 'p': 0, 'a': 4096, 'b': 0}
jgz i -2
{'f': 0, 'i': 19, 'p': 0, 'a': 4096, 'b': 0}
mul a 2
{'f': 0, 'i': 19, 'p': 0, 'a': 8192, 'b': 0}
add i -1
{'f': 0, 'i': 18, 'p': 0, 'a': 8192, 'b': 0}
jgz i -2
{'f': 0, 'i': 18, 'p': 0, 'a': 8192, 'b': 0}
mul a 2
{'f': 0, 'i': 18, 'p': 0, 'a': 16384, 'b': 0}
add i -1
{'f': 0, 'i': 17, 'p': 0, 'a': 16384, 'b': 0}
jgz i -2
{'f': 0, 'i': 17, 'p': 0, 'a': 16384, 'b': 0}
mul a 2
{'f': 0, 'i': 17, 'p': 0, 'a': 32768, 'b': 0}
add i -1
{'f': 0, 'i': 16, 'p': 0, 'a': 32768, 'b': 0}
jgz i -2
{'f': 0, 'i': 16, 'p': 0, 'a': 32768, 'b': 0}
mul a 2
{'f': 0, 'i': 16, 'p': 0, 'a': 65536, 'b': 0}
add i -1
{'f': 0, 'i': 15, 'p': 0, 'a': 65536, 'b': 0}
jgz i -2
{'f': 0, 'i': 15, 'p': 0, 'a': 65536, 'b': 0}
mul a 2
{'f': 0, 'i': 15, 'p': 0, 'a': 131072, 'b': 0}
add i -1
{'f': 0, 'i': 14, 'p': 0, 'a': 131072, 'b': 0}
jgz i -2
{'f': 0, 'i': 14, 'p': 0, 'a': 131072, 'b': 0}
mul a 2
{'f': 0, 'i': 14, 'p': 0, 'a': 262144, 'b': 0}
add i -1
{'f': 0, 'i': 13, 'p': 0, 'a': 262144, 'b': 0}
jgz i -2
{'f': 0, 'i': 13, 'p': 0, 'a': 262144, 'b': 0}
mul a 2
{'f': 0, 'i': 13, 'p': 0, 'a': 524288, 'b': 0}
add i -1
{'f': 0, 'i': 12, 'p': 0, 'a': 524288, 'b': 0}
jgz i -2
{'f': 0, 'i': 12, 'p': 0, 'a': 524288, 'b': 0}
mul a 2
{'f': 0, 'i': 12, 'p': 0, 'a': 1048576, 'b': 0}
add i -1
{'f': 0, 'i': 11, 'p': 0, 'a': 1048576, 'b': 0}
jgz i -2
{'f': 0, 'i': 11, 'p': 0, 'a': 1048576, 'b': 0}
mul a 2
{'f': 0, 'i': 11, 'p': 0, 'a': 2097152, 'b': 0}
add i -1
{'f': 0, 'i': 10, 'p': 0, 'a': 2097152, 'b': 0}
jgz i -2
{'f': 0, 'i': 10, 'p': 0, 'a': 2097152, 'b': 0}
mul a 2
{'f': 0, 'i': 10, 'p': 0, 'a': 4194304, 'b': 0}
add i -1
{'f': 0, 'i': 9, 'p': 0, 'a': 4194304, 'b': 0}
jgz i -2
{'f': 0, 'i': 9, 'p': 0, 'a': 4194304, 'b': 0}
mul a 2
{'f': 0, 'i': 9, 'p': 0, 'a': 8388608, 'b': 0}
add i -1
{'f': 0, 'i': 8, 'p': 0, 'a': 8388608, 'b': 0}
jgz i -2
{'f': 0, 'i': 8, 'p': 0, 'a': 8388608, 'b': 0}
mul a 2
{'f': 0, 'i': 8, 'p': 0, 'a': 16777216, 'b': 0}
add i -1
{'f': 0, 'i': 7, 'p': 0, 'a': 16777216, 'b': 0}
jgz i -2
{'f': 0, 'i': 7, 'p': 0, 'a': 16777216, 'b': 0}
mul a 2
{'f': 0, 'i': 7, 'p': 0, 'a': 33554432, 'b': 0}
add i -1
{'f': 0, 'i': 6, 'p': 0, 'a': 33554432, 'b': 0}
jgz i -2
{'f': 0, 'i': 6, 'p': 0, 'a': 33554432, 'b': 0}
mul a 2
{'f': 0, 'i': 6, 'p': 0, 'a': 67108864, 'b': 0}
add i -1
{'f': 0, 'i': 5, 'p': 0, 'a': 67108864, 'b': 0}
jgz i -2
{'f': 0, 'i': 5, 'p': 0, 'a': 67108864, 'b': 0}
mul a 2
{'f': 0, 'i': 5, 'p': 0, 'a': 134217728, 'b': 0}
add i -1
{'f': 0, 'i': 4, 'p': 0, 'a': 134217728, 'b': 0}
jgz i -2
{'f': 0, 'i': 4, 'p': 0, 'a': 134217728, 'b': 0}
mul a 2
{'f': 0, 'i': 4, 'p': 0, 'a': 268435456, 'b': 0}
add i -1
{'f': 0, 'i': 3, 'p': 0, 'a': 268435456, 'b': 0}
jgz i -2
{'f': 0, 'i': 3, 'p': 0, 'a': 268435456, 'b': 0}
mul a 2
{'f': 0, 'i': 3, 'p': 0, 'a': 536870912, 'b': 0}
add i -1
{'f': 0, 'i': 2, 'p': 0, 'a': 536870912, 'b': 0}
jgz i -2
{'f': 0, 'i': 2, 'p': 0, 'a': 536870912, 'b': 0}
mul a 2
{'f': 0, 'i': 2, 'p': 0, 'a': 1073741824, 'b': 0}
add i -1
{'f': 0, 'i': 1, 'p': 0, 'a': 1073741824, 'b': 0}
jgz i -2
{'f': 0, 'i': 1, 'p': 0, 'a': 1073741824, 'b': 0}
mul a 2
{'f': 0, 'i': 1, 'p': 0, 'a': 2147483648, 'b': 0}
add i -1
{'f': 0, 'i': 0, 'p': 0, 'a': 2147483648, 'b': 0}
jgz i -2
{'f': 0, 'i': 0, 'p': 0, 'a': 2147483648, 'b': 0}
add a -1
{'f': 0, 'i': 0, 'p': 0, 'a': 2147483647, 'b': 0}
set i 127
{'f': 0, 'i': 127, 'p': 0, 'a': 2147483647, 'b': 0}
set p 952
{'f': 0, 'i': 127, 'p': 952, 'a': 2147483647, 'b': 0}
mul p 8505
{'f': 0, 'i': 127, 'p': 8096760, 'a': 2147483647, 'b': 0}
mod p a
{'f': 0, 'i': 127, 'p': 8096760, 'a': 2147483647, 'b': 0}
mul p 129749
{'f': 0, 'i': 127, 'p': 1050546513240, 'a': 2147483647, 'b': 0}
add p 12345
{'f': 0, 'i': 127, 'p': 1050546525585, 'a': 2147483647, 'b': 0}
mod p a
{'f': 0, 'i': 127, 'p': 427022202, 'a': 2147483647, 'b': 0}
set b p
{'f': 0, 'i': 127, 'p': 427022202, 'a': 2147483647, 'b': 427022202}
mod b 10000
{'f': 0, 'i': 127, 'p': 427022202, 'a': 2147483647, 'b': 2202}
snd b
{'f': 0, 'i': 127, 'p': 427022202, 'a': 2147483647, 'b': 2202}
add i -1
{'f': 0, 'i': 126, 'p': 427022202, 'a': 2147483647, 'b': 2202}
jgz i -9
{'f': 0, 'i': 126, 'p': 427022202, 'a': 2147483647, 'b': 2202}
mul p 8505
{'f': 0, 'i': 126, 'p': 3631823828010, 'a': 2147483647, 'b': 2202}
mod p a
{'f': 0, 'i': 126, 'p': 428980933, 'a': 2147483647, 'b': 2202}
mul p 129749
{'f': 0, 'i': 126, 'p': 55659847075817, 'a': 2147483647, 'b': 2202}
add p 12345
{'f': 0, 'i': 126, 'p': 55659847088162, 'a': 2147483647, 'b': 2202}
mod p a
{'f': 0, 'i': 126, 'p': 1365925216, 'a': 2147483647, 'b': 2202}
set b p
{'f': 0, 'i': 126, 'p': 1365925216, 'a': 2147483647, 'b': 1365925216}
mod b 10000
{'f': 0, 'i': 126, 'p': 1365925216, 'a': 2147483647, 'b': 5216}
snd b
{'f': 0, 'i': 126, 'p': 1365925216, 'a': 2147483647, 'b': 5216}
add i -1
{'f': 0, 'i': 125, 'p': 1365925216, 'a': 2147483647, 'b': 5216}
jgz i -9
{'f': 0, 'i': 125, 'p': 1365925216, 'a': 2147483647, 'b': 5216}
mul p 8505
{'f': 0, 'i': 125, 'p': 11617193962080, 'a': 2147483647, 'b': 5216}
mod p a
{'f': 0, 'i': 125, 'p': 1454915457, 'a': 2147483647, 'b': 5216}
mul p 129749
{'f': 0, 'i': 125, 'p': 188773825630293, 'a': 2147483647, 'b': 5216}
add p 12345
{'f': 0, 'i': 125, 'p': 188773825642638, 'a': 2147483647, 'b': 5216}
mod p a
{'f': 0, 'i': 125, 'p': 1423136750, 'a': 2147483647, 'b': 5216}
set b p
{'f': 0, 'i': 125, 'p': 1423136750, 'a': 2147483647, 'b': 1423136750}
mod b 10000
{'f': 0, 'i': 125, 'p': 1423136750, 'a': 2147483647, 'b': 6750}
snd b
{'f': 0, 'i': 125, 'p': 1423136750, 'a': 2147483647, 'b': 6750}
add i -1
{'f': 0, 'i': 124, 'p': 1423136750, 'a': 2147483647, 'b': 6750}
jgz i -9
{'f': 0, 'i': 124, 'p': 1423136750, 'a': 2147483647, 'b': 6750}
mul p 8505
{'f': 0, 'i': 124, 'p': 12103778058750, 'a': 2147483647, 'b': 6750}
mod p a
{'f': 0, 'i': 124, 'p': 560224258, 'a': 2147483647, 'b': 6750}
mul p 129749
{'f': 0, 'i': 124, 'p': 72688537251242, 'a': 2147483647, 'b': 6750}
add p 12345
{'f': 0, 'i': 124, 'p': 72688537263587, 'a': 2147483647, 'b': 6750}
mod p a
{'f': 0, 'i': 124, 'p': 510779931, 'a': 2147483647, 'b': 6750}
set b p
{'f': 0, 'i': 124, 'p': 510779931, 'a': 2147483647, 'b': 510779931}
mod b 10000
{'f': 0, 'i': 124, 'p': 510779931, 'a': 2147483647, 'b': 9931}
snd b
{'f': 0, 'i': 124, 'p': 510779931, 'a': 2147483647, 'b': 9931}
add i -1
{'f': 0, 'i': 123, 'p': 510779931, 'a': 2147483647, 'b': 9931}
jgz i -9
{'f': 0, 'i': 123, 'p': 510779931, 'a': 2147483647, 'b': 9931}
mul p 8505
{'f': 0, 'i': 123, 'p': 4344183313155, 'a': 2147483647, 'b': 9931}
mod p a
{'f': 0, 'i': 123, 'p': 1971378921, 'a': 2147483647, 'b': 9931}
mul p 129749
{'f': 0, 'i': 123, 'p': 255784443620829, 'a': 2147483647, 'b': 9931}
add p 12345
{'f': 0, 'i': 123, 'p': 255784443633174, 'a': 2147483647, 'b': 9931}
mod p a
{'f': 0, 'i': 123, 'p': 1961406298, 'a': 2147483647, 'b': 9931}
set b p
{'f': 0, 'i': 123, 'p': 1961406298, 'a': 2147483647, 'b': 1961406298}
mod b 10000
{'f': 0, 'i': 123, 'p': 1961406298, 'a': 2147483647, 'b': 6298}
snd b
{'f': 0, 'i': 123, 'p': 1961406298, 'a': 2147483647, 'b': 6298}
add i -1
{'f': 0, 'i': 122, 'p': 1961406298, 'a': 2147483647, 'b': 6298}
jgz i -9
{'f': 0, 'i': 122, 'p': 1961406298, 'a': 2147483647, 'b': 6298}
mul p 8505
{'f': 0, 'i': 122, 'p': 16681760564490, 'a': 2147483647, 'b': 6298}
mod p a
{'f': 0, 'i': 122, 'p': 107594594, 'a': 2147483647, 'b': 6298}
mul p 129749
{'f': 0, 'i': 122, 'p': 13960290976906, 'a': 2147483647, 'b': 6298}
add p 12345
{'f': 0, 'i': 122, 'p': 13960290989251, 'a': 2147483647, 'b': 6298}
mod p a
{'f': 0, 'i': 122, 'p': 1647283751, 'a': 2147483647, 'b': 6298}
set b p
{'f': 0, 'i': 122, 'p': 1647283751, 'a': 2147483647, 'b': 1647283751}
mod b 10000
{'f': 0, 'i': 122, 'p': 1647283751, 'a': 2147483647, 'b': 3751}
snd b
{'f': 0, 'i': 122, 'p': 1647283751, 'a': 2147483647, 'b': 3751}
add i -1
{'f': 0, 'i': 121, 'p': 1647283751, 'a': 2147483647, 'b': 3751}
jgz i -9
{'f': 0, 'i': 121, 'p': 1647283751, 'a': 2147483647, 'b': 3751}
mul p 8505
{'f': 0, 'i': 121, 'p': 14010148302255, 'a': 2147483647, 'b': 3751}
mod p a
{'f': 0, 'i': 121, 'p': 2112472874, 'a': 2147483647, 'b': 3751}
mul p 129749
{'f': 0, 'i': 121, 'p': 274091242928626, 'a': 2147483647, 'b': 3751}
add p 12345
{'f': 0, 'i': 121, 'p': 274091242940971, 'a': 2147483647, 'b': 3751}
mod p a
{'f': 0, 'i': 121, 'p': 1462623420, 'a': 2147483647, 'b': 3751}
set b p
{'f': 0, 'i': 121, 'p': 1462623420, 'a': 2147483647, 'b': 1462623420}
mod b 10000
{'f': 0, 'i': 121, 'p': 1462623420, 'a': 2147483647, 'b': 3420}
snd b
{'f': 0, 'i': 121, 'p': 1462623420, 'a': 2147483647, 'b': 3420}
add i -1
{'f': 0, 'i': 120, 'p': 1462623420, 'a': 2147483647, 'b': 3420}
jgz i -9
{'f': 0, 'i': 120, 'p': 1462623420, 'a': 2147483647, 'b': 3420}
mul p 8505
{'f': 0, 'i': 120, 'p': 12439612187100, 'a': 2147483647, 'b': 3420}
mod p a
{'f': 0, 'i': 120, 'p': 1386903676, 'a': 2147483647, 'b': 3420}
mul p 129749
{'f': 0, 'i': 120, 'p': 179949365057324, 'a': 2147483647, 'b': 3420}
add p 12345
{'f': 0, 'i': 120, 'p': 179949365069669, 'a': 2147483647, 'b': 3420}
mod p a
{'f': 0, 'i': 120, 'p': 972869304, 'a': 2147483647, 'b': 3420}
set b p
{'f': 0, 'i': 120, 'p': 972869304, 'a': 2147483647, 'b': 972869304}
mod b 10000
{'f': 0, 'i': 120, 'p': 972869304, 'a': 2147483647, 'b': 9304}
snd b
{'f': 0, 'i': 120, 'p': 972869304, 'a': 2147483647, 'b': 9304}
add i -1
{'f': 0, 'i': 119, 'p': 972869304, 'a': 2147483647, 'b': 9304}
jgz i -9
{'f': 0, 'i': 119, 'p': 972869304, 'a': 2147483647, 'b': 9304}
mul p 8505
{'f': 0, 'i': 119, 'p': 8274253430520, 'a': 2147483647, 'b': 9304}
mod p a
{'f': 0, 'i': 119, 'p': 2146422276, 'a': 2147483647, 'b': 9304}
mul p 129749
{'f': 0, 'i': 119, 'p': 278496143888724, 'a': 2147483647, 'b': 9304}
add p 12345
{'f': 0, 'i': 119, 'p': 278496143901069, 'a': 2147483647, 'b': 9304}
mod p a
{'f': 0, 'i': 119, 'p': 1874623521, 'a': 2147483647, 'b': 9304}
set b p
{'f': 0, 'i': 119, 'p': 1874623521, 'a': 2147483647, 'b': 1874623521}
mod b 10000
{'f': 0, 'i': 119, 'p': 1874623521, 'a': 2147483647, 'b': 3521}
snd b
{'f': 0, 'i': 119, 'p': 1874623521, 'a': 2147483647, 'b': 3521}
add i -1
{'f': 0, 'i': 118, 'p': 1874623521, 'a': 2147483647, 'b': 3521}
jgz i -9
{'f': 0, 'i': 118, 'p': 1874623521, 'a': 2147483647, 'b': 3521}
mul p 8505
{'f': 0, 'i': 118, 'p': 15943673046105, 'a': 2147483647, 'b': 3521}
mod p a
{'f': 0, 'i': 118, 'p': 754450777, 'a': 2147483647, 'b': 3521}
mul p 129749
{'f': 0, 'i': 118, 'p': 97889233864973, 'a': 2147483647, 'b': 3521}
add p 12345
{'f': 0, 'i': 118, 'p': 97889233877318, 'a': 2147483647, 'b': 3521}
mod p a
{'f': 0, 'i': 118, 'p': 486796117, 'a': 2147483647, 'b': 3521}
set b p
{'f': 0, 'i': 118, 'p': 486796117, 'a': 2147483647, 'b': 486796117}
mod b 10000
{'f': 0, 'i': 118, 'p': 486796117, 'a': 2147483647, 'b': 6117}
snd b
{'f': 0, 'i': 118, 'p': 486796117, 'a': 2147483647, 'b': 6117}
add i -1
{'f': 0, 'i': 117, 'p': 486796117, 'a': 2147483647, 'b': 6117}
jgz i -9
{'f': 0, 'i': 117, 'p': 486796117, 'a': 2147483647, 'b': 6117}
mul p 8505
{'f': 0, 'i': 117, 'p': 4140200975085, 'a': 2147483647, 'b': 6117}
mod p a
{'f': 0, 'i': 117, 'p': 1999987316, 'a': 2147483647, 'b': 6117}
mul p 129749
{'f': 0, 'i': 117, 'p': 259496354263684, 'a': 2147483647, 'b': 6117}
add p 12345
{'f': 0, 'i': 117, 'p': 259496354276029, 'a': 2147483647, 'b': 6117}
mod p a
{'f': 0, 'i': 117, 'p': 872823490, 'a': 2147483647, 'b': 6117}
set b p
{'f': 0, 'i': 117, 'p': 872823490, 'a': 2147483647, 'b': 872823490}
mod b 10000
{'f': 0, 'i': 117, 'p': 872823490, 'a': 2147483647, 'b': 3490}
snd b
{'f': 0, 'i': 117, 'p': 872823490, 'a': 2147483647, 'b': 3490}
add i -1
{'f': 0, 'i': 116, 'p': 872823490, 'a': 2147483647, 'b': 3490}
jgz i -9
{'f': 0, 'i': 116, 'p': 872823490, 'a': 2147483647, 'b': 3490}
mul p 8505
{'f': 0, 'i': 116, 'p': 7423363782450, 'a': 2147483647, 'b': 3490}
mod p a
{'f': 0, 'i': 116, 'p': 1660298418, 'a': 2147483647, 'b': 3490}
mul p 129749
{'f': 0, 'i': 116, 'p': 215422059437082, 'a': 2147483647, 'b': 3490}
add p 12345
{'f': 0, 'i': 116, 'p': 215422059449427, 'a': 2147483647, 'b': 3490}
mod p a
{'f': 0, 'i': 116, 'p': 1532367916, 'a': 2147483647, 'b': 3490}
set b p
{'f': 0, 'i': 116, 'p': 1532367916, 'a': 2147483647, 'b': 1532367916}
mod b 10000
{'f': 0, 'i': 116, 'p': 1532367916, 'a': 2147483647, 'b': 7916}
snd b
{'f': 0, 'i': 116, 'p': 1532367916, 'a': 2147483647, 'b': 7916}
add i -1
{'f': 0, 'i': 115, 'p': 1532367916, 'a': 2147483647, 'b': 7916}
jgz i -9
{'f': 0, 'i': 115, 'p': 1532367916, 'a': 2147483647, 'b': 7916}
mul p 8505
{'f': 0, 'i': 115, 'p': 13032789125580, 'a': 2147483647, 'b': 7916}
mod p a
{'f': 0, 'i': 115, 'p': 1858355584, 'a': 2147483647, 'b': 7916}
mul p 129749
{'f': 0, 'i': 115, 'p': 241119778668416, 'a': 2147483647, 'b': 7916}
add p 12345
{'f': 0, 'i': 115, 'p': 241119778680761, 'a': 2147483647, 'b': 7916}
mod p a
{'f': 0, 'i': 115, 'p': 314795601, 'a': 2147483647, 'b': 7916}
set b p
{'f': 0, 'i': 115, 'p': 314795601, 'a': 2147483647, 'b': 314795601}
mod b 10000
{'f': 0, 'i': 115, 'p': 314795601, 'a': 2147483647, 'b': 5601}
snd b
{'f': 0, 'i': 115, 'p': 314795601, 'a': 2147483647, 'b': 5601}
add i -1
{'f': 0, 'i': 114, 'p': 314795601, 'a': 2147483647, 'b': 5601}
jgz i -9
{'f': 0, 'i': 114, 'p': 314795601, 'a': 2147483647, 'b': 5601}
mul p 8505
{'f': 0, 'i': 114, 'p': 2677336586505, 'a': 2147483647, 'b': 5601}
mod p a
{'f': 0, 'i': 114, 'p': 1571962343, 'a': 2147483647, 'b': 5601}
mul p 129749
{'f': 0, 'i': 114, 'p': 203960542041907, 'a': 2147483647, 'b': 5601}
add p 12345
{'f': 0, 'i': 114, 'p': 203960542054252, 'a': 2147483647, 'b': 5601}
mod p a
{'f': 0, 'i': 114, 'p': 1135196780, 'a': 2147483647, 'b': 5601}
set b p
{'f': 0, 'i': 114, 'p': 1135196780, 'a': 2147483647, 'b': 1135196780}
mod b 10000
{'f': 0, 'i': 114, 'p': 1135196780, 'a': 2147483647, 'b': 6780}
snd b
{'f': 0, 'i': 114, 'p': 1135196780, 'a': 2147483647, 'b': 6780}
add i -1
{'f': 0, 'i': 113, 'p': 1135196780, 'a': 2147483647, 'b': 6780}
jgz i -9
{'f': 0, 'i': 113, 'p': 1135196780, 'a': 2147483647, 'b': 6780}
mul p 8505
{'f': 0, 'i': 113, 'p': 9654848613900, 'a': 2147483647, 'b': 6780}
mod p a
{'f': 0, 'i': 113, 'p': 1909620635, 'a': 2147483647, 'b': 6780}
mul p 129749
{'f': 0, 'i': 113, 'p': 247771367770615, 'a': 2147483647, 'b': 6780}
add p 12345
{'f': 0, 'i': 113, 'p': 247771367782960, 'a': 2147483647, 'b': 6780}
mod p a
{'f': 0, 'i': 113, 'p': 1147043041, 'a': 2147483647, 'b': 6780}
set b p
{'f': 0, 'i': 113, 'p': 1147043041, 'a': 2147483647, 'b': 1147043041}
mod b 10000
{'f': 0, 'i': 113, 'p': 1147043041, 'a': 2147483647, 'b': 3041}
snd b
{'f': 0, 'i': 113, 'p': 1147043041, 'a': 2147483647, 'b': 3041}
add i -1
{'f': 0, 'i': 112, 'p': 1147043041, 'a': 2147483647, 'b': 3041}
jgz i -9
{'f': 0, 'i': 112, 'p': 1147043041, 'a': 2147483647, 'b': 3041}
mul p 8505
{'f': 0, 'i': 112, 'p': 9755601063705, 'a': 2147483647, 'b': 3041}
mod p a
{'f': 0, 'i': 112, 'p': 1730339031, 'a': 2147483647, 'b': 3041}
mul p 129749
{'f': 0, 'i': 112, 'p': 224509758933219, 'a': 2147483647, 'b': 3041}
add p 12345
{'f': 0, 'i': 112, 'p': 224509758945564, 'a': 2147483647, 'b': 3041}
mod p a
{'f': 0, 'i': 112, 'p': 1081069949, 'a': 2147483647, 'b': 3041}
set b p
{'f': 0, 'i': 112, 'p': 1081069949, 'a': 2147483647, 'b': 1081069949}
mod b 10000
{'f': 0, 'i': 112, 'p': 1081069949, 'a': 2147483647, 'b': 9949}
snd b
{'f': 0, 'i': 112, 'p': 1081069949, 'a': 2147483647, 'b': 9949}
add i -1
{'f': 0, 'i': 111, 'p': 1081069949, 'a': 2147483647, 'b': 9949}
jgz i -9
{'f': 0, 'i': 111, 'p': 1081069949, 'a': 2147483647, 'b': 9949}
mul p 8505
{'f': 0, 'i': 111, 'p': 9194499916245, 'a': 2147483647, 'b': 9949}
mod p a
{'f': 0, 'i': 111, 'p': 1122423438, 'a': 2147483647, 'b': 9949}
mul p 129749
{'f': 0, 'i': 111, 'p': 145633318657062, 'a': 2147483647, 'b': 9949}
add p 12345
{'f': 0, 'i': 111, 'p': 145633318669407, 'a': 2147483647, 'b': 9949}
mod p a
{'f': 0, 'i': 111, 'p': 1715148102, 'a': 2147483647, 'b': 9949}
set b p
{'f': 0, 'i': 111, 'p': 1715148102, 'a': 2147483647, 'b': 1715148102}
mod b 10000
{'f': 0, 'i': 111, 'p': 1715148102, 'a': 2147483647, 'b': 8102}
snd b
{'f': 0, 'i': 111, 'p': 1715148102, 'a': 2147483647, 'b': 8102}
add i -1
{'f': 0, 'i': 110, 'p': 1715148102, 'a': 2147483647, 'b': 8102}
jgz i -9
{'f': 0, 'i': 110, 'p': 1715148102, 'a': 2147483647, 'b': 8102}
mul p 8505
{'f': 0, 'i': 110, 'p': 14587334607510, 'a': 2147483647, 'b': 8102}
mod p a
{'f': 0, 'i': 110, 'p': 1625677086, 'a': 2147483647, 'b': 8102}
mul p 129749
{'f': 0, 'i': 110, 'p': 210929976231414, 'a': 2147483647, 'b': 8102}
add p 12345
{'f': 0, 'i': 110, 'p': 210929976243759, 'a': 2147483647, 'b': 8102}
mod p a
{'f': 0, 'i': 110, 'p': 1984951772, 'a': 2147483647, 'b': 8102}
set b p
{'f': 0, 'i': 110, 'p': 1984951772, 'a': 2147483647, 'b': 1984951772}
mod b 10000
{'f': 0, 'i': 110, 'p': 1984951772, 'a': 2147483647, 'b': 1772}
snd b
{'f': 0, 'i': 110, 'p': 1984951772, 'a': 2147483647, 'b': 1772}
add i -1
{'f': 0, 'i': 109, 'p': 1984951772, 'a': 2147483647, 'b': 1772}
jgz i -9
{'f': 0, 'i': 109, 'p': 1984951772, 'a': 2147483647, 'b': 1772}
mul p 8505
{'f': 0, 'i': 109, 'p': 16882014820860, 'a': 2147483647, 'b': 1772}
mod p a
{'f': 0, 'i': 109, 'p': 645871793, 'a': 2147483647, 'b': 1772}
mul p 129749
{'f': 0, 'i': 109, 'p': 83801219269957, 'a': 2147483647, 'b': 1772}
add p 12345
{'f': 0, 'i': 109, 'p': 83801219282302, 'a': 2147483647, 'b': 1772}
mod p a
{'f': 0, 'i': 109, 'p': 2112409068, 'a': 2147483647, 'b': 1772}
set b p
{'f': 0, 'i': 109, 'p': 2112409068, 'a': 2147483647, 'b': 2112409068}
mod b 10000
{'f': 0, 'i': 109, 'p': 2112409068, 'a': 2147483647, 'b': 9068}
snd b
{'f': 0, 'i': 109, 'p': 2112409068, 'a': 2147483647, 'b': 9068}
add i -1
{'f': 0, 'i': 108, 'p': 2112409068, 'a': 2147483647, 'b': 9068}
jgz i -9
{'f': 0, 'i': 108, 'p': 2112409068, 'a': 2147483647, 'b': 9068}
mul p 8505
{'f': 0, 'i': 108, 'p': 17966039123340, 'a': 2147483647, 'b': 9068}
mod p a
{'f': 0, 'i': 108, 'p': 190932538, 'a': 2147483647, 'b': 9068}
mul p 129749
{'f': 0, 'i': 108, 'p': 24773305872962, 'a': 2147483647, 'b': 9068}
add p 12345
{'f': 0, 'i': 108, 'p': 24773305885307, 'a': 2147483647, 'b': 9068}
mod p a
{'f': 0, 'i': 108, 'p': 2082017162, 'a': 2147483647, 'b': 9068}
set b p
{'f': 0, 'i': 108, 'p': 2082017162, 'a': 2147483647, 'b': 2082017162}
mod b 10000
{'f': 0, 'i': 108, 'p': 2082017162, 'a': 2147483647, 'b': 7162}
snd b
{'f': 0, 'i': 108, 'p': 2082017162, 'a': 2147483647, 'b': 7162}
add i -1
{'f': 0, 'i': 107, 'p': 2082017162, 'a': 2147483647, 'b': 7162}
jgz i -9
{'f': 0, 'i': 107, 'p': 2082017162, 'a': 2147483647, 'b': 7162}
mul p 8505
{'f': 0, 'i': 107, 'p': 17707555962810, 'a': 2147483647, 'b': 7162}
mod p a
{'f': 0, 'i': 107, 'p': 1553293295, 'a': 2147483647, 'b': 7162}
mul p 129749
{'f': 0, 'i': 107, 'p': 201538251732955, 'a': 2147483647, 'b': 7162}
add p 12345
{'f': 0, 'i': 107, 'p': 201538251745300, 'a': 2147483647, 'b': 7162}
mod p a
{'f': 0, 'i': 107, 'p': 1206441644, 'a': 2147483647, 'b': 7162}
set b p
{'f': 0, 'i': 107, 'p': 1206441644, 'a': 2147483647, 'b': 1206441644}
mod b 10000
{'f': 0, 'i': 107, 'p': 1206441644, 'a': 2147483647, 'b': 1644}
snd b
{'f': 0, 'i': 107, 'p': 1206441644, 'a': 2147483647, 'b': 1644}
add i -1
{'f': 0, 'i': 106, 'p': 1206441644, 'a': 2147483647, 'b': 1644}
jgz i -9
{'f': 0, 'i': 106, 'p': 1206441644, 'a': 2147483647, 'b': 1644}
mul p 8505
{'f': 0, 'i': 106, 'p': 10260786182220, 'a': 2147483647, 'b': 1644}
mod p a
{'f': 0, 'i': 106, 'p': 109316854, 'a': 2147483647, 'b': 1644}
mul p 129749
{'f': 0, 'i': 106, 'p': 14183752489646, 'a': 2147483647, 'b': 1644}
add p 12345
{'f': 0, 'i': 106, 'p': 14183752501991, 'a': 2147483647, 'b': 1644}
mod p a
{'f': 0, 'i': 106, 'p': 1770497203, 'a': 2147483647, 'b': 1644}
set b p
{'f': 0, 'i': 106, 'p': 1770497203, 'a': 2147483647, 'b': 1770497203}
mod b 10000
{'f': 0, 'i': 106, 'p': 1770497203, 'a': 2147483647, 'b': 7203}
snd b
{'f': 0, 'i': 106, 'p': 1770497203, 'a': 2147483647, 'b': 7203}
add i -1
{'f': 0, 'i': 105, 'p': 1770497203, 'a': 2147483647, 'b': 7203}
jgz i -9
{'f': 0, 'i': 105, 'p': 1770497203, 'a': 2147483647, 'b': 7203}
mul p 8505
{'f': 0, 'i': 105, 'p': 15058078711515, 'a': 2147483647, 'b': 7203}
mod p a
{'f': 0, 'i': 105, 'p': 2070862398, 'a': 2147483647, 'b': 7203}
mul p 129749
{'f': 0, 'i': 105, 'p': 268692325278102, 'a': 2147483647, 'b': 7203}
add p 12345
{'f': 0, 'i': 105, 'p': 268692325290447, 'a': 2147483647, 'b': 7203}
mod p a
{'f': 0, 'i': 105, 'p': 1318861454, 'a': 2147483647, 'b': 7203}
set b p
{'f': 0, 'i': 105, 'p': 1318861454, 'a': 2147483647, 'b': 1318861454}
mod b 10000
{'f': 0, 'i': 105, 'p': 1318861454, 'a': 2147483647, 'b': 1454}
snd b
{'f': 0, 'i': 105, 'p': 1318861454, 'a': 2147483647, 'b': 1454}
add i -1
{'f': 0, 'i': 104, 'p': 1318861454, 'a': 2147483647, 'b': 1454}
jgz i -9
{'f': 0, 'i': 104, 'p': 1318861454, 'a': 2147483647, 'b': 1454}
mul p 8505
{'f': 0, 'i': 104, 'p': 11216916666270, 'a': 2147483647, 'b': 1454}
mod p a
{'f': 0, 'i': 104, 'p': 609577989, 'a': 2147483647, 'b': 1454}
mul p 129749
{'f': 0, 'i': 104, 'p': 79092134494761, 'a': 2147483647, 'b': 1454}
add p 12345
{'f': 0, 'i': 104, 'p': 79092134507106, 'a': 2147483647, 'b': 1454}
mod p a
{'f': 0, 'i': 104, 'p': 311788096, 'a': 2147483647, 'b': 1454}
set b p
{'f': 0, 'i': 104, 'p': 311788096, 'a': 2147483647, 'b': 311788096}
mod b 10000
{'f': 0, 'i': 104, 'p': 311788096, 'a': 2147483647, 'b': 8096}
snd b
{'f': 0, 'i': 104, 'p': 311788096, 'a': 2147483647, 'b': 8096}
add i -1
{'f': 0, 'i': 103, 'p': 311788096, 'a': 2147483647, 'b': 8096}
jgz i -9
{'f': 0, 'i': 103, 'p': 311788096, 'a': 2147483647, 'b': 8096}
mul p 8505
{'f': 0, 'i': 103, 'p': 2651757756480, 'a': 2147483647, 'b': 8096}
mod p a
{'f': 0, 'i': 103, 'p': 1762936082, 'a': 2147483647, 'b': 8096}
mul p 129749
{'f': 0, 'i': 103, 'p': 228739193703418, 'a': 2147483647, 'b': 8096}
add p 12345
{'f': 0, 'i': 103, 'p': 228739193715763, 'a': 2147483647, 'b': 8096}
mod p a
{'f': 0, 'i': 103, 'p': 2120539205, 'a': 2147483647, 'b': 8096}
set b p
{'f': 0, 'i': 103, 'p': 2120539205, 'a': 2147483647, 'b': 2120539205}
mod b 10000
{'f': 0, 'i': 103, 'p': 2120539205, 'a': 2147483647, 'b': 9205}
snd b
{'f': 0, 'i': 103, 'p': 2120539205, 'a': 2147483647, 'b': 9205}
add i -1
{'f': 0, 'i': 102, 'p': 2120539205, 'a': 2147483647, 'b': 9205}
jgz i -9
{'f': 0, 'i': 102, 'p': 2120539205, 'a': 2147483647, 'b': 9205}
mul p 8505
{'f': 0, 'i': 102, 'p': 18035185938525, 'a': 2147483647, 'b': 9205}
mod p a
{'f': 0, 'i': 102, 'p': 618271019, 'a': 2147483647, 'b': 9205}
mul p 129749
{'f': 0, 'i': 102, 'p': 80220046444231, 'a': 2147483647, 'b': 9205}
add p 12345
{'f': 0, 'i': 102, 'p': 80220046456576, 'a': 2147483647, 'b': 9205}
mod p a
{'f': 0, 'i': 102, 'p': 794822891, 'a': 2147483647, 'b': 9205}
set b p
{'f': 0, 'i': 102, 'p': 794822891, 'a': 2147483647, 'b': 794822891}
mod b 10000
{'f': 0, 'i': 102, 'p': 794822891, 'a': 2147483647, 'b': 2891}
snd b
{'f': 0, 'i': 102, 'p': 794822891, 'a': 2147483647, 'b': 2891}
add i -1
{'f': 0, 'i': 101, 'p': 794822891, 'a': 2147483647, 'b': 2891}
jgz i -9
{'f': 0, 'i': 101, 'p': 794822891, 'a': 2147483647, 'b': 2891}
mul p 8505
{'f': 0, 'i': 101, 'p': 6759968687955, 'a': 2147483647, 'b': 2891}
mod p a
{'f': 0, 'i': 101, 'p': 1837650846, 'a': 2147483647, 'b': 2891}
mul p 129749
{'f': 0, 'i': 101, 'p': 238433359617654, 'a': 2147483647, 'b': 2891}
add p 12345
{'f': 0, 'i': 101, 'p': 238433359629999, 'a': 2147483647, 'b': 2891}
mod p a
{'f': 0, 'i': 101, 'p': 397787236, 'a': 2147483647, 'b': 2891}
set b p
{'f': 0, 'i': 101, 'p': 397787236, 'a': 2147483647, 'b': 397787236}
mod b 10000
{'f': 0, 'i': 101, 'p': 397787236, 'a': 2147483647, 'b': 7236}
snd b
{'f': 0, 'i': 101, 'p': 397787236, 'a': 2147483647, 'b': 7236}
add i -1
{'f': 0, 'i': 100, 'p': 397787236, 'a': 2147483647, 'b': 7236}
jgz i -9
{'f': 0, 'i': 100, 'p': 397787236, 'a': 2147483647, 'b': 7236}
mul p 8505
{'f': 0, 'i': 100, 'p': 3383180442180, 'a': 2147483647, 'b': 7236}
mod p a
{'f': 0, 'i': 100, 'p': 893698155, 'a': 2147483647, 'b': 7236}
mul p 129749
{'f': 0, 'i': 100, 'p': 115956441913095, 'a': 2147483647, 'b': 7236}
add p 12345
{'f': 0, 'i': 100, 'p': 115956441925440, 'a': 2147483647, 'b': 7236}
mod p a
{'f': 0, 'i': 100, 'p': 914922028, 'a': 2147483647, 'b': 7236}
set b p
{'f': 0, 'i': 100, 'p': 914922028, 'a': 2147483647, 'b': 914922028}
mod b 10000
{'f': 0, 'i': 100, 'p': 914922028, 'a': 2147483647, 'b': 2028}
snd b
{'f': 0, 'i': 100, 'p': 914922028, 'a': 2147483647, 'b': 2028}
add i -1
{'f': 0, 'i': 99, 'p': 914922028, 'a': 2147483647, 'b': 2028}
jgz i -9
{'f': 0, 'i': 99, 'p': 914922028, 'a': 2147483647, 'b': 2028}
mul p 8505
{'f': 0, 'i': 99, 'p': 7781411848140, 'a': 2147483647, 'b': 2028}
mod p a
{'f': 0, 'i': 99, 'p': 1078595059, 'a': 2147483647, 'b': 2028}
mul p 129749
{'f': 0, 'i': 99, 'p': 139946630310191, 'a': 2147483647, 'b': 2028}
add p 12345
{'f': 0, 'i': 99, 'p': 139946630322536, 'a': 2147483647, 'b': 2028}
mod p a
{'f': 0, 'i': 99, 'p': 1563498487, 'a': 2147483647, 'b': 2028}
set b p
{'f': 0, 'i': 99, 'p': 1563498487, 'a': 2147483647, 'b': 1563498487}
mod b 10000
{'f': 0, 'i': 99, 'p': 1563498487, 'a': 2147483647, 'b': 8487}
snd b
{'f': 0, 'i': 99, 'p': 1563498487, 'a': 2147483647, 'b': 8487}
add i -1
{'f': 0, 'i': 98, 'p': 1563498487, 'a': 2147483647, 'b': 8487}
jgz i -9
{'f': 0, 'i': 98, 'p': 1563498487, 'a': 2147483647, 'b': 8487}
mul p 8505
{'f': 0, 'i': 98, 'p': 13297554631935, 'a': 2147483647, 'b': 8487}
mod p a
{'f': 0, 'i': 98, 'p': 335889711, 'a': 2147483647, 'b': 8487}
mul p 129749
{'f': 0, 'i': 98, 'p': 43581354112539, 'a': 2147483647, 'b': 8487}
add p 12345
{'f': 0, 'i': 98, 'p': 43581354124884, 'a': 2147483647, 'b': 8487}
mod p a
{'f': 0, 'i': 98, 'p': 320992666, 'a': 2147483647, 'b': 8487}
set b p
{'f': 0, 'i': 98, 'p': 320992666, 'a': 2147483647, 'b': 320992666}
mod b 10000
{'f': 0, 'i': 98, 'p': 320992666, 'a': 2147483647, 'b': 2666}
snd b
{'f': 0, 'i': 98, 'p': 320992666, 'a': 2147483647, 'b': 2666}
add i -1
{'f': 0, 'i': 97, 'p': 320992666, 'a': 2147483647, 'b': 2666}
jgz i -9
{'f': 0, 'i': 97, 'p': 320992666, 'a': 2147483647, 'b': 2666}
mul p 8505
{'f': 0, 'i': 97, 'p': 2730042624330, 'a': 2147483647, 'b': 2666}
mod p a
{'f': 0, 'i': 97, 'p': 590908993, 'a': 2147483647, 'b': 2666}
mul p 129749
{'f': 0, 'i': 97, 'p': 76669850932757, 'a': 2147483647, 'b': 2666}
add p 12345
{'f': 0, 'i': 97, 'p': 76669850945102, 'a': 2147483647, 'b': 2666}
mod p a
{'f': 0, 'i': 97, 'p': 389779908, 'a': 2147483647, 'b': 2666}
set b p
{'f': 0, 'i': 97, 'p': 389779908, 'a': 2147483647, 'b': 389779908}
mod b 10000
{'f': 0, 'i': 97, 'p': 389779908, 'a': 2147483647, 'b': 9908}
snd b
{'f': 0, 'i': 97, 'p': 389779908, 'a': 2147483647, 'b': 9908}
add i -1
{'f': 0, 'i': 96, 'p': 389779908, 'a': 2147483647, 'b': 9908}
jgz i -9
{'f': 0, 'i': 96, 'p': 389779908, 'a': 2147483647, 'b': 9908}
mul p 8505
{'f': 0, 'i': 96, 'p': 3315078117540, 'a': 2147483647, 'b': 9908}
mod p a
{'f': 0, 'i': 96, 'p': 1510850219, 'a': 2147483647, 'b': 9908}
mul p 129749
{'f': 0, 'i': 96, 'p': 196031305065031, 'a': 2147483647, 'b': 9908}
add p 12345
{'f': 0, 'i': 96, 'p': 196031305077376, 'a': 2147483647, 'b': 9908}
mod p a
{'f': 0, 'i': 96, 'p': 407844628, 'a': 2147483647, 'b': 9908}
set b p
{'f': 0, 'i': 96, 'p': 407844628, 'a': 2147483647, 'b': 407844628}
mod b 10000
{'f': 0, 'i': 96, 'p': 407844628, 'a': 2147483647, 'b': 4628}
snd b
{'f': 0, 'i': 96, 'p': 407844628, 'a': 2147483647, 'b': 4628}
add i -1
{'f': 0, 'i': 95, 'p': 407844628, 'a': 2147483647, 'b': 4628}
jgz i -9
{'f': 0, 'i': 95, 'p': 407844628, 'a': 2147483647, 'b': 4628}
mul p 8505
{'f': 0, 'i': 95, 'p': 3468718561140, 'a': 2147483647, 'b': 4628}
mod p a
{'f': 0, 'i': 95, 'p': 532471235, 'a': 2147483647, 'b': 4628}
mul p 129749
{'f': 0, 'i': 95, 'p': 69087610270015, 'a': 2147483647, 'b': 4628}
add p 12345
{'f': 0, 'i': 95, 'p': 69087610282360, 'a': 2147483647, 'b': 4628}
mod p a
{'f': 0, 'i': 95, 'p': 913874723, 'a': 2147483647, 'b': 4628}
set b p
{'f': 0, 'i': 95, 'p': 913874723, 'a': 2147483647, 'b': 913874723}
mod b 10000
{'f': 0, 'i': 95, 'p': 913874723, 'a': 2147483647, 'b': 4723}
snd b
{'f': 0, 'i': 95, 'p': 913874723, 'a': 2147483647, 'b': 4723}
add i -1
{'f': 0, 'i': 94, 'p': 913874723, 'a': 2147483647, 'b': 4723}
jgz i -9
{'f': 0, 'i': 94, 'p': 913874723, 'a': 2147483647, 'b': 4723}
mul p 8505
{'f': 0, 'i': 94, 'p': 7772504519115, 'a': 2147483647, 'b': 4723}
mod p a
{'f': 0, 'i': 94, 'p': 761200622, 'a': 2147483647, 'b': 4723}
mul p 129749
{'f': 0, 'i': 94, 'p': 98765019503878, 'a': 2147483647, 'b': 4723}
add p 12345
{'f': 0, 'i': 94, 'p': 98765019516223, 'a': 2147483647, 'b': 4723}
mod p a
{'f': 0, 'i': 94, 'p': 99107046, 'a': 2147483647, 'b': 4723}
set b p
{'f': 0, 'i': 94, 'p': 99107046, 'a': 2147483647, 'b': 99107046}
mod b 10000
{'f': 0, 'i': 94, 'p': 99107046, 'a': 2147483647, 'b': 7046}
snd b
{'f': 0, 'i': 94, 'p': 99107046, 'a': 2147483647, 'b': 7046}
add i -1
{'f': 0, 'i': 93, 'p': 99107046, 'a': 2147483647, 'b': 7046}
jgz i -9
{'f': 0, 'i': 93, 'p': 99107046, 'a': 2147483647, 'b': 7046}
mul p 8505
{'f': 0, 'i': 93, 'p': 842905426230, 'a': 2147483647, 'b': 7046}
mod p a
{'f': 0, 'i': 93, 'p': 1091836606, 'a': 2147483647, 'b': 7046}
mul p 129749
{'f': 0, 'i': 93, 'p': 141664707791894, 'a': 2147483647, 'b': 7046}
add p 12345
{'f': 0, 'i': 93, 'p': 141664707804239, 'a': 2147483647, 'b': 7046}
mod p a
{'f': 0, 'i': 93, 'p': 1654062590, 'a': 2147483647, 'b': 7046}
set b p
{'f': 0, 'i': 93, 'p': 1654062590, 'a': 2147483647, 'b': 1654062590}
mod b 10000
{'f': 0, 'i': 93, 'p': 1654062590, 'a': 2147483647, 'b': 2590}
snd b
{'f': 0, 'i': 93, 'p': 1654062590, 'a': 2147483647, 'b': 2590}
add i -1
{'f': 0, 'i': 92, 'p': 1654062590, 'a': 2147483647, 'b': 2590}
jgz i -9
{'f': 0, 'i': 92, 'p': 1654062590, 'a': 2147483647, 'b': 2590}
mul p 8505
{'f': 0, 'i': 92, 'p': 14067802327950, 'a': 2147483647, 'b': 2590}
mod p a
{'f': 0, 'i': 92, 'p': 1784440100, 'a': 2147483647, 'b': 2590}
mul p 129749
{'f': 0, 'i': 92, 'p': 231529318534900, 'a': 2147483647, 'b': 2590}
add p 12345
{'f': 0, 'i': 92, 'p': 231529318547245, 'a': 2147483647, 'b': 2590}
mod p a
{'f': 0, 'i': 92, 'p': 516629587, 'a': 2147483647, 'b': 2590}
set b p
{'f': 0, 'i': 92, 'p': 516629587, 'a': 2147483647, 'b': 516629587}
mod b 10000
{'f': 0, 'i': 92, 'p': 516629587, 'a': 2147483647, 'b': 9587}
snd b
{'f': 0, 'i': 92, 'p': 516629587, 'a': 2147483647, 'b': 9587}
add i -1
{'f': 0, 'i': 91, 'p': 516629587, 'a': 2147483647, 'b': 9587}
jgz i -9
{'f': 0, 'i': 91, 'p': 516629587, 'a': 2147483647, 'b': 9587}
mul p 8505
{'f': 0, 'i': 91, 'p': 4393934637435, 'a': 2147483647, 'b': 9587}
mod p a
{'f': 0, 'i': 91, 'p': 183095673, 'a': 2147483647, 'b': 9587}
mul p 129749
{'f': 0, 'i': 91, 'p': 23756480476077, 'a': 2147483647, 'b': 9587}
add p 12345
{'f': 0, 'i': 91, 'p': 23756480488422, 'a': 2147483647, 'b': 9587}
mod p a
{'f': 0, 'i': 91, 'p': 1016385308, 'a': 2147483647, 'b': 9587}
set b p
{'f': 0, 'i': 91, 'p': 1016385308, 'a': 2147483647, 'b': 1016385308}
mod b 10000
{'f': 0, 'i': 91, 'p': 1016385308, 'a': 2147483647, 'b': 5308}
snd b
{'f': 0, 'i': 91, 'p': 1016385308, 'a': 2147483647, 'b': 5308}
add i -1
{'f': 0, 'i': 90, 'p': 1016385308, 'a': 2147483647, 'b': 5308}
jgz i -9
{'f': 0, 'i': 90, 'p': 1016385308, 'a': 2147483647, 'b': 5308}
mul p 8505
{'f': 0, 'i': 90, 'p': 8644357044540, 'a': 2147483647, 'b': 5308}
mod p a
{'f': 0, 'i': 90, 'p': 735365365, 'a': 2147483647, 'b': 5308}
mul p 129749
{'f': 0, 'i': 90, 'p': 95412920743385, 'a': 2147483647, 'b': 5308}
add p 12345
{'f': 0, 'i': 90, 'p': 95412920755730, 'a': 2147483647, 'b': 5308}
mod p a
{'f': 0, 'i': 90, 'p': 222319520, 'a': 2147483647, 'b': 5308}
set b p
{'f': 0, 'i': 90, 'p': 222319520, 'a': 2147483647, 'b': 222319520}
mod b 10000
{'f': 0, 'i': 90, 'p': 222319520, 'a': 2147483647, 'b': 9520}
snd b
{'f': 0, 'i': 90, 'p': 222319520, 'a': 2147483647, 'b': 9520}
add i -1
{'f': 0, 'i': 89, 'p': 222319520, 'a': 2147483647, 'b': 9520}
jgz i -9
{'f': 0, 'i': 89, 'p': 222319520, 'a': 2147483647, 'b': 9520}
mul p 8505
{'f': 0, 'i': 89, 'p': 1890827517600, 'a': 2147483647, 'b': 9520}
mod p a
{'f': 0, 'i': 89, 'p': 1041908240, 'a': 2147483647, 'b': 9520}
mul p 129749
{'f': 0, 'i': 89, 'p': 135186552231760, 'a': 2147483647, 'b': 9520}
add p 12345
{'f': 0, 'i': 89, 'p': 135186552244105, 'a': 2147483647, 'b': 9520}
mod p a
{'f': 0, 'i': 89, 'p': 309181808, 'a': 2147483647, 'b': 9520}
set b p
{'f': 0, 'i': 89, 'p': 309181808, 'a': 2147483647, 'b': 309181808}
mod b 10000
{'f': 0, 'i': 89, 'p': 309181808, 'a': 2147483647, 'b': 1808}
snd b
{'f': 0, 'i': 89, 'p': 309181808, 'a': 2147483647, 'b': 1808}
add i -1
{'f': 0, 'i': 88, 'p': 309181808, 'a': 2147483647, 'b': 1808}
jgz i -9
{'f': 0, 'i': 88, 'p': 309181808, 'a': 2147483647, 'b': 1808}
mul p 8505
{'f': 0, 'i': 88, 'p': 2629591277040, 'a': 2147483647, 'b': 1808}
mod p a
{'f': 0, 'i': 88, 'p': 1071293112, 'a': 2147483647, 'b': 1808}
mul p 129749
{'f': 0, 'i': 88, 'p': 138999209988888, 'a': 2147483647, 'b': 1808}
add p 12345
{'f': 0, 'i': 88, 'p': 138999210001233, 'a': 2147483647, 'b': 1808}
mod p a
{'f': 0, 'i': 88, 'p': 1183465511, 'a': 2147483647, 'b': 1808}
set b p
{'f': 0, 'i': 88, 'p': 1183465511, 'a': 2147483647, 'b': 1183465511}
mod b 10000
{'f': 0, 'i': 88, 'p': 1183465511, 'a': 2147483647, 'b': 5511}
snd b
{'f': 0, 'i': 88, 'p': 1183465511, 'a': 2147483647, 'b': 5511}
add i -1
{'f': 0, 'i': 87, 'p': 1183465511, 'a': 2147483647, 'b': 5511}
jgz i -9
{'f': 0, 'i': 87, 'p': 1183465511, 'a': 2147483647, 'b': 5511}
mul p 8505
{'f': 0, 'i': 87, 'p': 10065374171055, 'a': 2147483647, 'b': 5511}
mod p a
{'f': 0, 'i': 87, 'p': 118317566, 'a': 2147483647, 'b': 5511}
mul p 129749
{'f': 0, 'i': 87, 'p': 15351585870934, 'a': 2147483647, 'b': 5511}
add p 12345
{'f': 0, 'i': 87, 'p': 15351585883279, 'a': 2147483647, 'b': 5511}
mod p a
{'f': 0, 'i': 87, 'p': 1372774523, 'a': 2147483647, 'b': 5511}
set b p
{'f': 0, 'i': 87, 'p': 1372774523, 'a': 2147483647, 'b': 1372774523}
mod b 10000
{'f': 0, 'i': 87, 'p': 1372774523, 'a': 2147483647, 'b': 4523}
snd b
{'f': 0, 'i': 87, 'p': 1372774523, 'a': 2147483647, 'b': 4523}
add i -1
{'f': 0, 'i': 86, 'p': 1372774523, 'a': 2147483647, 'b': 4523}
jgz i -9
{'f': 0, 'i': 86, 'p': 1372774523, 'a': 2147483647, 'b': 4523}
mul p 8505
{'f': 0, 'i': 86, 'p': 11675447318115, 'a': 2147483647, 'b': 4523}
mod p a
{'f': 0, 'i': 86, 'p': 1726213023, 'a': 2147483647, 'b': 4523}
mul p 129749
{'f': 0, 'i': 86, 'p': 223974413521227, 'a': 2147483647, 'b': 4523}
add p 12345
{'f': 0, 'i': 86, 'p': 223974413533572, 'a': 2147483647, 'b': 4523}
mod p a
{'f': 0, 'i': 86, 'p': 459086060, 'a': 2147483647, 'b': 4523}
set b p
{'f': 0, 'i': 86, 'p': 459086060, 'a': 2147483647, 'b': 459086060}
mod b 10000
{'f': 0, 'i': 86, 'p': 459086060, 'a': 2147483647, 'b': 6060}
snd b
{'f': 0, 'i': 86, 'p': 459086060, 'a': 2147483647, 'b': 6060}
add i -1
{'f': 0, 'i': 85, 'p': 459086060, 'a': 2147483647, 'b': 6060}
jgz i -9
{'f': 0, 'i': 85, 'p': 459086060, 'a': 2147483647, 'b': 6060}
mul p 8505
{'f': 0, 'i': 85, 'p': 3904526940300, 'a': 2147483647, 'b': 6060}
mod p a
{'f': 0, 'i': 85, 'p': 401670054, 'a': 2147483647, 'b': 6060}
mul p 129749
{'f': 0, 'i': 85, 'p': 52116287836446, 'a': 2147483647, 'b': 6060}
add p 12345
{'f': 0, 'i': 85, 'p': 52116287848791, 'a': 2147483647, 'b': 6060}
mod p a
{'f': 0, 'i': 85, 'p': 1154703395, 'a': 2147483647, 'b': 6060}
set b p
{'f': 0, 'i': 85, 'p': 1154703395, 'a': 2147483647, 'b': 1154703395}
mod b 10000
{'f': 0, 'i': 85, 'p': 1154703395, 'a': 2147483647, 'b': 3395}
snd b
{'f': 0, 'i': 85, 'p': 1154703395, 'a': 2147483647, 'b': 3395}
add i -1
{'f': 0, 'i': 84, 'p': 1154703395, 'a': 2147483647, 'b': 3395}
jgz i -9
{'f': 0, 'i': 84, 'p': 1154703395, 'a': 2147483647, 'b': 3395}
mul p 8505
{'f': 0, 'i': 84, 'p': 9820752374475, 'a': 2147483647, 'b': 3395}
mod p a
{'f': 0, 'i': 84, 'p': 309656744, 'a': 2147483647, 'b': 3395}
mul p 129749
{'f': 0, 'i': 84, 'p': 40177652877256, 'a': 2147483647, 'b': 3395}
add p 12345
{'f': 0, 'i': 84, 'p': 40177652889601, 'a': 2147483647, 'b': 3395}
mod p a
{'f': 0, 'i': 84, 'p': 381337878, 'a': 2147483647, 'b': 3395}
set b p
{'f': 0, 'i': 84, 'p': 381337878, 'a': 2147483647, 'b': 381337878}
mod b 10000
{'f': 0, 'i': 84, 'p': 381337878, 'a': 2147483647, 'b': 7878}
snd b
{'f': 0, 'i': 84, 'p': 381337878, 'a': 2147483647, 'b': 7878}
add i -1
{'f': 0, 'i': 83, 'p': 381337878, 'a': 2147483647, 'b': 7878}
jgz i -9
{'f': 0, 'i': 83, 'p': 381337878, 'a': 2147483647, 'b': 7878}
mul p 8505
{'f': 0, 'i': 83, 'p': 3243278652390, 'a': 2147483647, 'b': 7878}
mod p a
{'f': 0, 'i': 83, 'p': 578345420, 'a': 2147483647, 'b': 7878}
mul p 129749
{'f': 0, 'i': 83, 'p': 75039739899580, 'a': 2147483647, 'b': 7878}
add p 12345
{'f': 0, 'i': 83, 'p': 75039739911925, 'a': 2147483647, 'b': 7878}
mod p a
{'f': 0, 'i': 83, 'p': 218834804, 'a': 2147483647, 'b': 7878}
set b p
{'f': 0, 'i': 83, 'p': 218834804, 'a': 2147483647, 'b': 218834804}
mod b 10000
{'f': 0, 'i': 83, 'p': 218834804, 'a': 2147483647, 'b': 4804}
snd b
{'f': 0, 'i': 83, 'p': 218834804, 'a': 2147483647, 'b': 4804}
add i -1
{'f': 0, 'i': 82, 'p': 218834804, 'a': 2147483647, 'b': 4804}
jgz i -9
{'f': 0, 'i': 82, 'p': 218834804, 'a': 2147483647, 'b': 4804}
mul p 8505
{'f': 0, 'i': 82, 'p': 1861190008020, 'a': 2147483647, 'b': 4804}
mod p a
{'f': 0, 'i': 82, 'p': 1469169718, 'a': 2147483647, 'b': 4804}
mul p 129749
{'f': 0, 'i': 82, 'p': 190623301740782, 'a': 2147483647, 'b': 4804}
add p 12345
{'f': 0, 'i': 82, 'p': 190623301753127, 'a': 2147483647, 'b': 4804}
mod p a
{'f': 0, 'i': 82, 'p': 1915827172, 'a': 2147483647, 'b': 4804}
set b p
{'f': 0, 'i': 82, 'p': 1915827172, 'a': 2147483647, 'b': 1915827172}
mod b 10000
{'f': 0, 'i': 82, 'p': 1915827172, 'a': 2147483647, 'b': 7172}
snd b
{'f': 0, 'i': 82, 'p': 1915827172, 'a': 2147483647, 'b': 7172}
add i -1
{'f': 0, 'i': 81, 'p': 1915827172, 'a': 2147483647, 'b': 7172}
jgz i -9
{'f': 0, 'i': 81, 'p': 1915827172, 'a': 2147483647, 'b': 7172}
mul p 8505
{'f': 0, 'i': 81, 'p': 16294110097860, 'a': 2147483647, 'b': 7172}
mod p a
{'f': 0, 'i': 81, 'p': 1151668071, 'a': 2147483647, 'b': 7172}
mul p 129749
{'f': 0, 'i': 81, 'p': 149427780544179, 'a': 2147483647, 'b': 7172}
add p 12345
{'f': 0, 'i': 81, 'p': 149427780556524, 'a': 2147483647, 'b': 7172}
mod p a
{'f': 0, 'i': 81, 'p': 1573430970, 'a': 2147483647, 'b': 7172}
set b p
{'f': 0, 'i': 81, 'p': 1573430970, 'a': 2147483647, 'b': 1573430970}
mod b 10000
{'f': 0, 'i': 81, 'p': 1573430970, 'a': 2147483647, 'b': 970}
snd b
{'f': 0, 'i': 81, 'p': 1573430970, 'a': 2147483647, 'b': 970}
add i -1
{'f': 0, 'i': 80, 'p': 1573430970, 'a': 2147483647, 'b': 970}
jgz i -9
{'f': 0, 'i': 80, 'p': 1573430970, 'a': 2147483647, 'b': 970}
mul p 8505
{'f': 0, 'i': 80, 'p': 13382030399850, 'a': 2147483647, 'b': 970}
mod p a
{'f': 0, 'i': 80, 'p': 1059795393, 'a': 2147483647, 'b': 970}
mul p 129749
{'f': 0, 'i': 80, 'p': 137507392446357, 'a': 2147483647, 'b': 970}
add p 12345
{'f': 0, 'i': 80, 'p': 137507392458702, 'a': 2147483647, 'b': 970}
mod p a
{'f': 0, 'i': 80, 'p': 1867057645, 'a': 2147483647, 'b': 970}
set b p
{'f': 0, 'i': 80, 'p': 1867057645, 'a': 2147483647, 'b': 1867057645}
mod b 10000
{'f': 0, 'i': 80, 'p': 1867057645, 'a': 2147483647, 'b': 7645}
snd b
{'f': 0, 'i': 80, 'p': 1867057645, 'a': 2147483647, 'b': 7645}
add i -1
{'f': 0, 'i': 79, 'p': 1867057645, 'a': 2147483647, 'b': 7645}
jgz i -9
{'f': 0, 'i': 79, 'p': 1867057645, 'a': 2147483647, 'b': 7645}
mul p 8505
{'f': 0, 'i': 79, 'p': 15879325270725, 'a': 2147483647, 'b': 7645}
mod p a
{'f': 0, 'i': 79, 'p': 831184807, 'a': 2147483647, 'b': 7645}
mul p 129749
{'f': 0, 'i': 79, 'p': 107845397523443, 'a': 2147483647, 'b': 7645}
add p 12345
{'f': 0, 'i': 79, 'p': 107845397535788, 'a': 2147483647, 'b': 7645}
mod p a
{'f': 0, 'i': 79, 'p': 916267095, 'a': 2147483647, 'b': 7645}
set b p
{'f': 0, 'i': 79, 'p': 916267095, 'a': 2147483647, 'b': 916267095}
mod b 10000
{'f': 0, 'i': 79, 'p': 916267095, 'a': 2147483647, 'b': 7095}
snd b
{'f': 0, 'i': 79, 'p': 916267095, 'a': 2147483647, 'b': 7095}
add i -1
{'f': 0, 'i': 78, 'p': 916267095, 'a': 2147483647, 'b': 7095}
jgz i -9
{'f': 0, 'i': 78, 'p': 916267095, 'a': 2147483647, 'b': 7095}
mul p 8505
{'f': 0, 'i': 78, 'p': 7792851642975, 'a': 2147483647, 'b': 7095}
mod p a
{'f': 0, 'i': 78, 'p': 1780971659, 'a': 2147483647, 'b': 7095}
mul p 129749
{'f': 0, 'i': 78, 'p': 231079291783591, 'a': 2147483647, 'b': 7095}
add p 12345
{'f': 0, 'i': 78, 'p': 231079291795936, 'a': 2147483647, 'b': 7095}
mod p a
{'f': 0, 'i': 78, 'p': 1461444148, 'a': 2147483647, 'b': 7095}
set b p
{'f': 0, 'i': 78, 'p': 1461444148, 'a': 2147483647, 'b': 1461444148}
mod b 10000
{'f': 0, 'i': 78, 'p': 1461444148, 'a': 2147483647, 'b': 4148}
snd b
{'f': 0, 'i': 78, 'p': 1461444148, 'a': 2147483647, 'b': 4148}
add i -1
{'f': 0, 'i': 77, 'p': 1461444148, 'a': 2147483647, 'b': 4148}
jgz i -9
{'f': 0, 'i': 77, 'p': 1461444148, 'a': 2147483647, 'b': 4148}
mul p 8505
{'f': 0, 'i': 77, 'p': 12429582478740, 'a': 2147483647, 'b': 4148}
mod p a
{'f': 0, 'i': 77, 'p': 2094613551, 'a': 2147483647, 'b': 4148}
mul p 129749
{'f': 0, 'i': 77, 'p': 271774013628699, 'a': 2147483647, 'b': 4148}
add p 12345
{'f': 0, 'i': 77, 'p': 271774013641044, 'a': 2147483647, 'b': 4148}
mod p a
{'f': 0, 'i': 77, 'p': 1368178606, 'a': 2147483647, 'b': 4148}
set b p
{'f': 0, 'i': 77, 'p': 1368178606, 'a': 2147483647, 'b': 1368178606}
mod b 10000
{'f': 0, 'i': 77, 'p': 1368178606, 'a': 2147483647, 'b': 8606}
snd b
{'f': 0, 'i': 77, 'p': 1368178606, 'a': 2147483647, 'b': 8606}
add i -1
{'f': 0, 'i': 76, 'p': 1368178606, 'a': 2147483647, 'b': 8606}
jgz i -9
{'f': 0, 'i': 76, 'p': 1368178606, 'a': 2147483647, 'b': 8606}
mul p 8505
{'f': 0, 'i': 76, 'p': 11636359044030, 'a': 2147483647, 'b': 8606}
mod p a
{'f': 0, 'i': 76, 'p': 1292644584, 'a': 2147483647, 'b': 8606}
mul p 129749
{'f': 0, 'i': 76, 'p': 167719342129416, 'a': 2147483647, 'b': 8606}
add p 12345
{'f': 0, 'i': 76, 'p': 167719342141761, 'a': 2147483647, 'b': 8606}
mod p a
{'f': 0, 'i': 76, 'p': 869311061, 'a': 2147483647, 'b': 8606}
set b p
{'f': 0, 'i': 76, 'p': 869311061, 'a': 2147483647, 'b': 869311061}
mod b 10000
{'f': 0, 'i': 76, 'p': 869311061, 'a': 2147483647, 'b': 1061}
snd b
{'f': 0, 'i': 76, 'p': 869311061, 'a': 2147483647, 'b': 1061}
add i -1
{'f': 0, 'i': 75, 'p': 869311061, 'a': 2147483647, 'b': 1061}
jgz i -9
{'f': 0, 'i': 75, 'p': 869311061, 'a': 2147483647, 'b': 1061}
mul p 8505
{'f': 0, 'i': 75, 'p': 7393490573805, 'a': 2147483647, 'b': 1061}
mod p a
{'f': 0, 'i': 75, 'p': 1851860831, 'a': 2147483647, 'b': 1061}
mul p 129749
{'f': 0, 'i': 75, 'p': 240277090961419, 'a': 2147483647, 'b': 1061}
add p 12345
{'f': 0, 'i': 75, 'p': 240277090973764, 'a': 2147483647, 'b': 1061}
mod p a
{'f': 0, 'i': 75, 'p': 1588161875, 'a': 2147483647, 'b': 1061}
set b p
{'f': 0, 'i': 75, 'p': 1588161875, 'a': 2147483647, 'b': 1588161875}
mod b 10000
{'f': 0, 'i': 75, 'p': 1588161875, 'a': 2147483647, 'b': 1875}
snd b
{'f': 0, 'i': 75, 'p': 1588161875, 'a': 2147483647, 'b': 1875}
add i -1
{'f': 0, 'i': 74, 'p': 1588161875, 'a': 2147483647, 'b': 1875}
jgz i -9
{'f': 0, 'i': 74, 'p': 1588161875, 'a': 2147483647, 'b': 1875}
mul p 8505
{'f': 0, 'i': 74, 'p': 13507316746875, 'a': 2147483647, 'b': 1875}
mod p a
{'f': 0, 'i': 74, 'p': 1792090892, 'a': 2147483647, 'b': 1875}
mul p 129749
{'f': 0, 'i': 74, 'p': 232522001146108, 'a': 2147483647, 'b': 1875}
add p 12345
{'f': 0, 'i': 74, 'p': 232522001158453, 'a': 2147483647, 'b': 1875}
mod p a
{'f': 0, 'i': 74, 'p': 1061795881, 'a': 2147483647, 'b': 1875}
set b p
{'f': 0, 'i': 74, 'p': 1061795881, 'a': 2147483647, 'b': 1061795881}
mod b 10000
{'f': 0, 'i': 74, 'p': 1061795881, 'a': 2147483647, 'b': 5881}
snd b
{'f': 0, 'i': 74, 'p': 1061795881, 'a': 2147483647, 'b': 5881}
add i -1
{'f': 0, 'i': 73, 'p': 1061795881, 'a': 2147483647, 'b': 5881}
jgz i -9
{'f': 0, 'i': 73, 'p': 1061795881, 'a': 2147483647, 'b': 5881}
mul p 8505
{'f': 0, 'i': 73, 'p': 9030573967905, 'a': 2147483647, 'b': 5881}
mod p a
{'f': 0, 'i': 73, 'p': 405232270, 'a': 2147483647, 'b': 5881}
mul p 129749
{'f': 0, 'i': 73, 'p': 52578481800230, 'a': 2147483647, 'b': 5881}
add p 12345
{'f': 0, 'i': 73, 'p': 52578481812575, 'a': 2147483647, 'b': 5881}
mod p a
{'f': 0, 'i': 73, 'p': 1639683074, 'a': 2147483647, 'b': 5881}
set b p
{'f': 0, 'i': 73, 'p': 1639683074, 'a': 2147483647, 'b': 1639683074}
mod b 10000
{'f': 0, 'i': 73, 'p': 1639683074, 'a': 2147483647, 'b': 3074}
snd b
{'f': 0, 'i': 73, 'p': 1639683074, 'a': 2147483647, 'b': 3074}
add i -1
{'f': 0, 'i': 72, 'p': 1639683074, 'a': 2147483647, 'b': 3074}
jgz i -9
{'f': 0, 'i': 72, 'p': 1639683074, 'a': 2147483647, 'b': 3074}
mul p 8505
{'f': 0, 'i': 72, 'p': 13945504544370, 'a': 2147483647, 'b': 3074}
mod p a
{'f': 0, 'i': 72, 'p': 1893224399, 'a': 2147483647, 'b': 3074}
mul p 129749
{'f': 0, 'i': 72, 'p': 245643972545851, 'a': 2147483647, 'b': 3074}
add p 12345
{'f': 0, 'i': 72, 'p': 245643972558196, 'a': 2147483647, 'b': 3074}
mod p a
{'f': 0, 'i': 72, 'p': 1908112454, 'a': 2147483647, 'b': 3074}
set b p
{'f': 0, 'i': 72, 'p': 1908112454, 'a': 2147483647, 'b': 1908112454}
mod b 10000
{'f': 0, 'i': 72, 'p': 1908112454, 'a': 2147483647, 'b': 2454}
snd b
{'f': 0, 'i': 72, 'p': 1908112454, 'a': 2147483647, 'b': 2454}
add i -1
{'f': 0, 'i': 71, 'p': 1908112454, 'a': 2147483647, 'b': 2454}
jgz i -9
{'f': 0, 'i': 71, 'p': 1908112454, 'a': 2147483647, 'b': 2454}
mul p 8505
{'f': 0, 'i': 71, 'p': 16228496421270, 'a': 2147483647, 'b': 2454}
mod p a
{'f': 0, 'i': 71, 'p': 2109984538, 'a': 2147483647, 'b': 2454}
mul p 129749
{'f': 0, 'i': 71, 'p': 273768383820962, 'a': 2147483647, 'b': 2454}
add p 12345
{'f': 0, 'i': 71, 'p': 273768383833307, 'a': 2147483647, 'b': 2454}
mod p a
{'f': 0, 'i': 71, 'p': 726062806, 'a': 2147483647, 'b': 2454}
set b p
{'f': 0, 'i': 71, 'p': 726062806, 'a': 2147483647, 'b': 726062806}
mod b 10000
{'f': 0, 'i': 71, 'p': 726062806, 'a': 2147483647, 'b': 2806}
snd b
{'f': 0, 'i': 71, 'p': 726062806, 'a': 2147483647, 'b': 2806}
add i -1
{'f': 0, 'i': 70, 'p': 726062806, 'a': 2147483647, 'b': 2806}
jgz i -9
{'f': 0, 'i': 70, 'p': 726062806, 'a': 2147483647, 'b': 2806}
mul p 8505
{'f': 0, 'i': 70, 'p': 6175164165030, 'a': 2147483647, 'b': 2806}
mod p a
{'f': 0, 'i': 70, 'p': 1148679905, 'a': 2147483647, 'b': 2806}
mul p 129749
{'f': 0, 'i': 70, 'p': 149040068993845, 'a': 2147483647, 'b': 2806}
add p 12345
{'f': 0, 'i': 70, 'p': 149040069006190, 'a': 2147483647, 'b': 2806}
mod p a
{'f': 0, 'i': 70, 'p': 408937096, 'a': 2147483647, 'b': 2806}
set b p
{'f': 0, 'i': 70, 'p': 408937096, 'a': 2147483647, 'b': 408937096}
mod b 10000
{'f': 0, 'i': 70, 'p': 408937096, 'a': 2147483647, 'b': 7096}
snd b
{'f': 0, 'i': 70, 'p': 408937096, 'a': 2147483647, 'b': 7096}
add i -1
{'f': 0, 'i': 69, 'p': 408937096, 'a': 2147483647, 'b': 7096}
jgz i -9
{'f': 0, 'i': 69, 'p': 408937096, 'a': 2147483647, 'b': 7096}
mul p 8505
{'f': 0, 'i': 69, 'p': 3478010001480, 'a': 2147483647, 'b': 7096}
mod p a
{'f': 0, 'i': 69, 'p': 1233976987, 'a': 2147483647, 'b': 7096}
mul p 129749
{'f': 0, 'i': 69, 'p': 160107280086263, 'a': 2147483647, 'b': 7096}
add p 12345
{'f': 0, 'i': 69, 'p': 160107280098608, 'a': 2147483647, 'b': 7096}
mod p a
{'f': 0, 'i': 69, 'p': 1636796523, 'a': 2147483647, 'b': 7096}
set b p
{'f': 0, 'i': 69, 'p': 1636796523, 'a': 2147483647, 'b': 1636796523}
mod b 10000
{'f': 0, 'i': 69, 'p': 1636796523, 'a': 2147483647, 'b': 6523}
snd b
{'f': 0, 'i': 69, 'p': 1636796523, 'a': 2147483647, 'b': 6523}
add i -1
{'f': 0, 'i': 68, 'p': 1636796523, 'a': 2147483647, 'b': 6523}
jgz i -9
{'f': 0, 'i': 68, 'p': 1636796523, 'a': 2147483647, 'b': 6523}
mul p 8505
{'f': 0, 'i': 68, 'p': 13920954428115, 'a': 2147483647, 'b': 6523}
mod p a
{'f': 0, 'i': 68, 'p': 965428261, 'a': 2147483647, 'b': 6523}
mul p 129749
{'f': 0, 'i': 68, 'p': 125263351436489, 'a': 2147483647, 'b': 6523}
add p 12345
{'f': 0, 'i': 68, 'p': 125263351448834, 'a': 2147483647, 'b': 6523}
mod p a
{'f': 0, 'i': 68, 'p': 630319324, 'a': 2147483647, 'b': 6523}
set b p
{'f': 0, 'i': 68, 'p': 630319324, 'a': 2147483647, 'b': 630319324}
mod b 10000
{'f': 0, 'i': 68, 'p': 630319324, 'a': 2147483647, 'b': 9324}
snd b
{'f': 0, 'i': 68, 'p': 630319324, 'a': 2147483647, 'b': 9324}
add i -1
{'f': 0, 'i': 67, 'p': 630319324, 'a': 2147483647, 'b': 9324}
jgz i -9
{'f': 0, 'i': 67, 'p': 630319324, 'a': 2147483647, 'b': 9324}
mul p 8505
{'f': 0, 'i': 67, 'p': 5360865850620, 'a': 2147483647, 'b': 9324}
mod p a
{'f': 0, 'i': 67, 'p': 746667708, 'a': 2147483647, 'b': 9324}
mul p 129749
{'f': 0, 'i': 67, 'p': 96879388445292, 'a': 2147483647, 'b': 9324}
add p 12345
{'f': 0, 'i': 67, 'p': 96879388457637, 'a': 2147483647, 'b': 9324}
mod p a
{'f': 0, 'i': 67, 'p': 2106174173, 'a': 2147483647, 'b': 9324}
set b p
{'f': 0, 'i': 67, 'p': 2106174173, 'a': 2147483647, 'b': 2106174173}
mod b 10000
{'f': 0, 'i': 67, 'p': 2106174173, 'a': 2147483647, 'b': 4173}
snd b
{'f': 0, 'i': 67, 'p': 2106174173, 'a': 2147483647, 'b': 4173}
add i -1
{'f': 0, 'i': 66, 'p': 2106174173, 'a': 2147483647, 'b': 4173}
jgz i -9
{'f': 0, 'i': 66, 'p': 2106174173, 'a': 2147483647, 'b': 4173}
mul p 8505
{'f': 0, 'i': 66, 'p': 17913011341365, 'a': 2147483647, 'b': 4173}
mod p a
{'f': 0, 'i': 66, 'p': 850241738, 'a': 2147483647, 'b': 4173}
mul p 129749
{'f': 0, 'i': 66, 'p': 110318015263762, 'a': 2147483647, 'b': 4173}
add p 12345
{'f': 0, 'i': 66, 'p': 110318015276107, 'a': 2147483647, 'b': 4173}
mod p a
{'f': 0, 'i': 66, 'p': 1780329717, 'a': 2147483647, 'b': 4173}
set b p
{'f': 0, 'i': 66, 'p': 1780329717, 'a': 2147483647, 'b': 1780329717}
mod b 10000
{'f': 0, 'i': 66, 'p': 1780329717, 'a': 2147483647, 'b': 9717}
snd b
{'f': 0, 'i': 66, 'p': 1780329717, 'a': 2147483647, 'b': 9717}
add i -1
{'f': 0, 'i': 65, 'p': 1780329717, 'a': 2147483647, 'b': 9717}
jgz i -9
{'f': 0, 'i': 65, 'p': 1780329717, 'a': 2147483647, 'b': 9717}
mul p 8505
{'f': 0, 'i': 65, 'p': 15141704243085, 'a': 2147483647, 'b': 9717}
mod p a
{'f': 0, 'i': 65, 'p': 1944531735, 'a': 2147483647, 'b': 9717}
mul p 129749
{'f': 0, 'i': 65, 'p': 252301048084515, 'a': 2147483647, 'b': 9717}
add p 12345
{'f': 0, 'i': 65, 'p': 252301048096860, 'a': 2147483647, 'b': 9717}
mod p a
{'f': 0, 'i': 65, 'p': 1784345418, 'a': 2147483647, 'b': 9717}
set b p
{'f': 0, 'i': 65, 'p': 1784345418, 'a': 2147483647, 'b': 1784345418}
mod b 10000
{'f': 0, 'i': 65, 'p': 1784345418, 'a': 2147483647, 'b': 5418}
snd b
{'f': 0, 'i': 65, 'p': 1784345418, 'a': 2147483647, 'b': 5418}
add i -1
{'f': 0, 'i': 64, 'p': 1784345418, 'a': 2147483647, 'b': 5418}
jgz i -9
{'f': 0, 'i': 64, 'p': 1784345418, 'a': 2147483647, 'b': 5418}
mul p 8505
{'f': 0, 'i': 64, 'p': 15175857780090, 'a': 2147483647, 'b': 5418}
mod p a
{'f': 0, 'i': 64, 'p': 1738330388, 'a': 2147483647, 'b': 5418}
mul p 129749
{'f': 0, 'i': 64, 'p': 225546629512612, 'a': 2147483647, 'b': 5418}
add p 12345
{'f': 0, 'i': 64, 'p': 225546629524957, 'a': 2147483647, 'b': 5418}
mod p a
{'f': 0, 'i': 64, 'p': 717047841, 'a': 2147483647, 'b': 5418}
set b p
{'f': 0, 'i': 64, 'p': 717047841, 'a': 2147483647, 'b': 717047841}
mod b 10000
{'f': 0, 'i': 64, 'p': 717047841, 'a': 2147483647, 'b': 7841}
snd b
{'f': 0, 'i': 64, 'p': 717047841, 'a': 2147483647, 'b': 7841}
add i -1
{'f': 0, 'i': 63, 'p': 717047841, 'a': 2147483647, 'b': 7841}
jgz i -9
{'f': 0, 'i': 63, 'p': 717047841, 'a': 2147483647, 'b': 7841}
mul p 8505
{'f': 0, 'i': 63, 'p': 6098491887705, 'a': 2147483647, 'b': 7841}
mod p a
{'f': 0, 'i': 63, 'p': 1785813872, 'a': 2147483647, 'b': 7841}
mul p 129749
{'f': 0, 'i': 63, 'p': 231707564078128, 'a': 2147483647, 'b': 7841}
add p 12345
{'f': 0, 'i': 63, 'p': 231707564090473, 'a': 2147483647, 'b': 7841}
mod p a
{'f': 0, 'i': 63, 'p': 521030114, 'a': 2147483647, 'b': 7841}
set b p
{'f': 0, 'i': 63, 'p': 521030114, 'a': 2147483647, 'b': 521030114}
mod b 10000
{'f': 0, 'i': 63, 'p': 521030114, 'a': 2147483647, 'b': 114}
snd b
{'f': 0, 'i': 63, 'p': 521030114, 'a': 2147483647, 'b': 114}
add i -1
{'f': 0, 'i': 62, 'p': 521030114, 'a': 2147483647, 'b': 114}
jgz i -9
{'f': 0, 'i': 62, 'p': 521030114, 'a': 2147483647, 'b': 114}
mul p 8505
{'f': 0, 'i': 62, 'p': 4431361119570, 'a': 2147483647, 'b': 114}
mod p a
{'f': 0, 'i': 62, 'p': 1102355809, 'a': 2147483647, 'b': 114}
mul p 129749
{'f': 0, 'i': 62, 'p': 143029563861941, 'a': 2147483647, 'b': 114}
add p 12345
{'f': 0, 'i': 62, 'p': 143029563874286, 'a': 2147483647, 'b': 114}
mod p a
{'f': 0, 'i': 62, 'p': 710533145, 'a': 2147483647, 'b': 114}
set b p
{'f': 0, 'i': 62, 'p': 710533145, 'a': 2147483647, 'b': 710533145}
mod b 10000
{'f': 0, 'i': 62, 'p': 710533145, 'a': 2147483647, 'b': 3145}
snd b
{'f': 0, 'i': 62, 'p': 710533145, 'a': 2147483647, 'b': 3145}
add i -1
{'f': 0, 'i': 61, 'p': 710533145, 'a': 2147483647, 'b': 3145}
jgz i -9
{'f': 0, 'i': 61, 'p': 710533145, 'a': 2147483647, 'b': 3145}
mul p 8505
{'f': 0, 'i': 61, 'p': 6043084398225, 'a': 2147483647, 'b': 3145}
mod p a
{'f': 0, 'i': 61, 'p': 65415567, 'a': 2147483647, 'b': 3145}
mul p 129749
{'f': 0, 'i': 61, 'p': 8487604402683, 'a': 2147483647, 'b': 3145}
add p 12345
{'f': 0, 'i': 61, 'p': 8487604415028, 'a': 2147483647, 'b': 3145}
mod p a
{'f': 0, 'i': 61, 'p': 749042084, 'a': 2147483647, 'b': 3145}
set b p
{'f': 0, 'i': 61, 'p': 749042084, 'a': 2147483647, 'b': 749042084}
mod b 10000
{'f': 0, 'i': 61, 'p': 749042084, 'a': 2147483647, 'b': 2084}
snd b
{'f': 0, 'i': 61, 'p': 749042084, 'a': 2147483647, 'b': 2084}
add i -1
{'f': 0, 'i': 60, 'p': 749042084, 'a': 2147483647, 'b': 2084}
jgz i -9
{'f': 0, 'i': 60, 'p': 749042084, 'a': 2147483647, 'b': 2084}
mul p 8505
{'f': 0, 'i': 60, 'p': 6370602924420, 'a': 2147483647, 'b': 2084}
mod p a
{'f': 0, 'i': 60, 'p': 1166427418, 'a': 2147483647, 'b': 2084}
mul p 129749
{'f': 0, 'i': 60, 'p': 151342791058082, 'a': 2147483647, 'b': 2084}
add p 12345
{'f': 0, 'i': 60, 'p': 151342791070427, 'a': 2147483647, 'b': 2084}
mod p a
{'f': 0, 'i': 60, 'p': 1028531749, 'a': 2147483647, 'b': 2084}
set b p
{'f': 0, 'i': 60, 'p': 1028531749, 'a': 2147483647, 'b': 1028531749}
mod b 10000
{'f': 0, 'i': 60, 'p': 1028531749, 'a': 2147483647, 'b': 1749}
snd b
{'f': 0, 'i': 60, 'p': 1028531749, 'a': 2147483647, 'b': 1749}
add i -1
{'f': 0, 'i': 59, 'p': 1028531749, 'a': 2147483647, 'b': 1749}
jgz i -9
{'f': 0, 'i': 59, 'p': 1028531749, 'a': 2147483647, 'b': 1749}
mul p 8505
{'f': 0, 'i': 59, 'p': 8747662525245, 'a': 2147483647, 'b': 1749}
mod p a
{'f': 0, 'i': 59, 'p': 961631014, 'a': 2147483647, 'b': 1749}
mul p 129749
{'f': 0, 'i': 59, 'p': 124770662435486, 'a': 2147483647, 'b': 1749}
add p 12345
{'f': 0, 'i': 59, 'p': 124770662447831, 'a': 2147483647, 'b': 1749}
mod p a
{'f': 0, 'i': 59, 'p': 1862557131, 'a': 2147483647, 'b': 1749}
set b p
{'f': 0, 'i': 59, 'p': 1862557131, 'a': 2147483647, 'b': 1862557131}
mod b 10000
{'f': 0, 'i': 59, 'p': 1862557131, 'a': 2147483647, 'b': 7131}
snd b
{'f': 0, 'i': 59, 'p': 1862557131, 'a': 2147483647, 'b': 7131}
add i -1
{'f': 0, 'i': 58, 'p': 1862557131, 'a': 2147483647, 'b': 7131}
jgz i -9
{'f': 0, 'i': 58, 'p': 1862557131, 'a': 2147483647, 'b': 7131}
mul p 8505
{'f': 0, 'i': 58, 'p': 15841048399155, 'a': 2147483647, 'b': 7131}
mod p a
{'f': 0, 'i': 58, 'p': 1209018883, 'a': 2147483647, 'b': 7131}
mul p 129749
{'f': 0, 'i': 58, 'p': 156868991050367, 'a': 2147483647, 'b': 7131}
add p 12345
{'f': 0, 'i': 58, 'p': 156868991062712, 'a': 2147483647, 'b': 7131}
mod p a
{'f': 0, 'i': 58, 'p': 1753100303, 'a': 2147483647, 'b': 7131}
set b p
{'f': 0, 'i': 58, 'p': 1753100303, 'a': 2147483647, 'b': 1753100303}
mod b 10000
{'f': 0, 'i': 58, 'p': 1753100303, 'a': 2147483647, 'b': 303}
snd b
{'f': 0, 'i': 58, 'p': 1753100303, 'a': 2147483647, 'b': 303}
add i -1
{'f': 0, 'i': 57, 'p': 1753100303, 'a': 2147483647, 'b': 303}
jgz i -9
{'f': 0, 'i': 57, 'p': 1753100303, 'a': 2147483647, 'b': 303}
mul p 8505
{'f': 0, 'i': 57, 'p': 14910118077015, 'a': 2147483647, 'b': 303}
mod p a
{'f': 0, 'i': 57, 'p': 139115894, 'a': 2147483647, 'b': 303}
mul p 129749
{'f': 0, 'i': 57, 'p': 18050148130606, 'a': 2147483647, 'b': 303}
add p 12345
{'f': 0, 'i': 57, 'p': 18050148142951, 'a': 2147483647, 'b': 303}
mod p a
{'f': 0, 'i': 57, 'p': 548089916, 'a': 2147483647, 'b': 303}
set b p
{'f': 0, 'i': 57, 'p': 548089916, 'a': 2147483647, 'b': 548089916}
mod b 10000
{'f': 0, 'i': 57, 'p': 548089916, 'a': 2147483647, 'b': 9916}
snd b
{'f': 0, 'i': 57, 'p': 548089916, 'a': 2147483647, 'b': 9916}
add i -1
{'f': 0, 'i': 56, 'p': 548089916, 'a': 2147483647, 'b': 9916}
jgz i -9
{'f': 0, 'i': 56, 'p': 548089916, 'a': 2147483647, 'b': 9916}
mul p 8505
{'f': 0, 'i': 56, 'p': 4661504735580, 'a': 2147483647, 'b': 9916}
mod p a
{'f': 0, 'i': 56, 'p': 1465221590, 'a': 2147483647, 'b': 9916}
mul p 129749
{'f': 0, 'i': 56, 'p': 190111036080910, 'a': 2147483647, 'b': 9916}
add p 12345
{'f': 0, 'i': 56, 'p': 190111036093255, 'a': 2147483647, 'b': 9916}
mod p a
{'f': 0, 'i': 56, 'p': 751275286, 'a': 2147483647, 'b': 9916}
set b p
{'f': 0, 'i': 56, 'p': 751275286, 'a': 2147483647, 'b': 751275286}
mod b 10000
{'f': 0, 'i': 56, 'p': 751275286, 'a': 2147483647, 'b': 5286}
snd b
{'f': 0, 'i': 56, 'p': 751275286, 'a': 2147483647, 'b': 5286}
add i -1
{'f': 0, 'i': 55, 'p': 751275286, 'a': 2147483647, 'b': 5286}
jgz i -9
{'f': 0, 'i': 55, 'p': 751275286, 'a': 2147483647, 'b': 5286}
mul p 8505
{'f': 0, 'i': 55, 'p': 6389596307430, 'a': 2147483647, 'b': 5286}
mod p a
{'f': 0, 'i': 55, 'p': 832457605, 'a': 2147483647, 'b': 5286}
mul p 129749
{'f': 0, 'i': 55, 'p': 108010541791145, 'a': 2147483647, 'b': 5286}
add p 12345
{'f': 0, 'i': 55, 'p': 108010541803490, 'a': 2147483647, 'b': 5286}
mod p a
{'f': 0, 'i': 55, 'p': 704293978, 'a': 2147483647, 'b': 5286}
set b p
{'f': 0, 'i': 55, 'p': 704293978, 'a': 2147483647, 'b': 704293978}
mod b 10000
{'f': 0, 'i': 55, 'p': 704293978, 'a': 2147483647, 'b': 3978}
snd b
{'f': 0, 'i': 55, 'p': 704293978, 'a': 2147483647, 'b': 3978}
add i -1
{'f': 0, 'i': 54, 'p': 704293978, 'a': 2147483647, 'b': 3978}
jgz i -9
{'f': 0, 'i': 54, 'p': 704293978, 'a': 2147483647, 'b': 3978}
mul p 8505
{'f': 0, 'i': 54, 'p': 5990020282890, 'a': 2147483647, 'b': 3978}
mod p a
{'f': 0, 'i': 54, 'p': 688391407, 'a': 2147483647, 'b': 3978}
mul p 129749
{'f': 0, 'i': 54, 'p': 89318096666843, 'a': 2147483647, 'b': 3978}
add p 12345
{'f': 0, 'i': 54, 'p': 89318096679188, 'a': 2147483647, 'b': 3978}
mod p a
{'f': 0, 'i': 54, 'p': 2104316811, 'a': 2147483647, 'b': 3978}
set b p
{'f': 0, 'i': 54, 'p': 2104316811, 'a': 2147483647, 'b': 2104316811}
mod b 10000
{'f': 0, 'i': 54, 'p': 2104316811, 'a': 2147483647, 'b': 6811}
snd b
{'f': 0, 'i': 54, 'p': 2104316811, 'a': 2147483647, 'b': 6811}
add i -1
{'f': 0, 'i': 53, 'p': 2104316811, 'a': 2147483647, 'b': 6811}
jgz i -9
{'f': 0, 'i': 53, 'p': 2104316811, 'a': 2147483647, 'b': 6811}
mul p 8505
{'f': 0, 'i': 53, 'p': 17897214477555, 'a': 2147483647, 'b': 6811}
mod p a
{'f': 0, 'i': 53, 'p': 85763457, 'a': 2147483647, 'b': 6811}
mul p 129749
{'f': 0, 'i': 53, 'p': 11127722782293, 'a': 2147483647, 'b': 6811}
add p 12345
{'f': 0, 'i': 53, 'p': 11127722794638, 'a': 2147483647, 'b': 6811}
mod p a
{'f': 0, 'i': 53, 'p': 1610019531, 'a': 2147483647, 'b': 6811}
set b p
{'f': 0, 'i': 53, 'p': 1610019531, 'a': 2147483647, 'b': 1610019531}
mod b 10000
{'f': 0, 'i': 53, 'p': 1610019531, 'a': 2147483647, 'b': 9531}
snd b
{'f': 0, 'i': 53, 'p': 1610019531, 'a': 2147483647, 'b': 9531}
add i -1
{'f': 0, 'i': 52, 'p': 1610019531, 'a': 2147483647, 'b': 9531}
jgz i -9
{'f': 0, 'i': 52, 'p': 1610019531, 'a': 2147483647, 'b': 9531}
mul p 8505
{'f': 0, 'i': 52, 'p': 13693216111155, 'a': 2147483647, 'b': 9531}
mod p a
{'f': 0, 'i': 52, 'p': 860377883, 'a': 2147483647, 'b': 9531}
mul p 129749
{'f': 0, 'i': 52, 'p': 111633169941367, 'a': 2147483647, 'b': 9531}
add p 12345
{'f': 0, 'i': 52, 'p': 111633169953712, 'a': 2147483647, 'b': 9531}
mod p a
{'f': 0, 'i': 52, 'p': 527531711, 'a': 2147483647, 'b': 9531}
set b p
{'f': 0, 'i': 52, 'p': 527531711, 'a': 2147483647, 'b': 527531711}
mod b 10000
{'f': 0, 'i': 52, 'p': 527531711, 'a': 2147483647, 'b': 1711}
snd b
{'f': 0, 'i': 52, 'p': 527531711, 'a': 2147483647, 'b': 1711}
add i -1
{'f': 0, 'i': 51, 'p': 527531711, 'a': 2147483647, 'b': 1711}
jgz i -9
{'f': 0, 'i': 51, 'p': 527531711, 'a': 2147483647, 'b': 1711}
mul p 8505
{'f': 0, 'i': 51, 'p': 4486657202055, 'a': 2147483647, 'b': 1711}
mod p a
{'f': 0, 'i': 51, 'p': 563863472, 'a': 2147483647, 'b': 1711}
mul p 129749
{'f': 0, 'i': 51, 'p': 73160721628528, 'a': 2147483647, 'b': 1711}
add p 12345
{'f': 0, 'i': 51, 'p': 73160721640873, 'a': 2147483647, 'b': 1711}
mod p a
{'f': 0, 'i': 51, 'p': 248754877, 'a': 2147483647, 'b': 1711}
set b p
{'f': 0, 'i': 51, 'p': 248754877, 'a': 2147483647, 'b': 248754877}
mod b 10000
{'f': 0, 'i': 51, 'p': 248754877, 'a': 2147483647, 'b': 4877}
snd b
{'f': 0, 'i': 51, 'p': 248754877, 'a': 2147483647, 'b': 4877}
add i -1
{'f': 0, 'i': 50, 'p': 248754877, 'a': 2147483647, 'b': 4877}
jgz i -9
{'f': 0, 'i': 50, 'p': 248754877, 'a': 2147483647, 'b': 4877}
mul p 8505
{'f': 0, 'i': 50, 'p': 2115660228885, 'a': 2147483647, 'b': 4877}
mod p a
{'f': 0, 'i': 50, 'p': 388836590, 'a': 2147483647, 'b': 4877}
mul p 129749
{'f': 0, 'i': 50, 'p': 50451158715910, 'a': 2147483647, 'b': 4877}
add p 12345
{'f': 0, 'i': 50, 'p': 50451158728255, 'a': 2147483647, 'b': 4877}
mod p a
{'f': 0, 'i': 50, 'p': 325409284, 'a': 2147483647, 'b': 4877}
set b p
{'f': 0, 'i': 50, 'p': 325409284, 'a': 2147483647, 'b': 325409284}
mod b 10000
{'f': 0, 'i': 50, 'p': 325409284, 'a': 2147483647, 'b': 9284}
snd b
{'f': 0, 'i': 50, 'p': 325409284, 'a': 2147483647, 'b': 9284}
add i -1
{'f': 0, 'i': 49, 'p': 325409284, 'a': 2147483647, 'b': 9284}
jgz i -9
{'f': 0, 'i': 49, 'p': 325409284, 'a': 2147483647, 'b': 9284}
mul p 8505
{'f': 0, 'i': 49, 'p': 2767605960420, 'a': 2147483647, 'b': 9284}
mod p a
{'f': 0, 'i': 49, 'p': 1647023084, 'a': 2147483647, 'b': 9284}
mul p 129749
{'f': 0, 'i': 49, 'p': 213699598125916, 'a': 2147483647, 'b': 9284}
add p 12345
{'f': 0, 'i': 49, 'p': 213699598138261, 'a': 2147483647, 'b': 9284}
mod p a
{'f': 0, 'i': 49, 'p': 1352941644, 'a': 2147483647, 'b': 9284}
set b p
{'f': 0, 'i': 49, 'p': 1352941644, 'a': 2147483647, 'b': 1352941644}
mod b 10000
{'f': 0, 'i': 49, 'p': 1352941644, 'a': 2147483647, 'b': 1644}
snd b
{'f': 0, 'i': 49, 'p': 1352941644, 'a': 2147483647, 'b': 1644}
add i -1
{'f': 0, 'i': 48, 'p': 1352941644, 'a': 2147483647, 'b': 1644}
jgz i -9
{'f': 0, 'i': 48, 'p': 1352941644, 'a': 2147483647, 'b': 1644}
mul p 8505
{'f': 0, 'i': 48, 'p': 11506768682220, 'a': 2147483647, 'b': 1644}
mod p a
{'f': 0, 'i': 48, 'p': 551301594, 'a': 2147483647, 'b': 1644}
mul p 129749
{'f': 0, 'i': 48, 'p': 71530830519906, 'a': 2147483647, 'b': 1644}
add p 12345
{'f': 0, 'i': 48, 'p': 71530830532251, 'a': 2147483647, 'b': 1644}
mod p a
{'f': 0, 'i': 48, 'p': 297734328, 'a': 2147483647, 'b': 1644}
set b p
{'f': 0, 'i': 48, 'p': 297734328, 'a': 2147483647, 'b': 297734328}
mod b 10000
{'f': 0, 'i': 48, 'p': 297734328, 'a': 2147483647, 'b': 4328}
snd b
{'f': 0, 'i': 48, 'p': 297734328, 'a': 2147483647, 'b': 4328}
add i -1
{'f': 0, 'i': 47, 'p': 297734328, 'a': 2147483647, 'b': 4328}
jgz i -9
{'f': 0, 'i': 47, 'p': 297734328, 'a': 2147483647, 'b': 4328}
mul p 8505
{'f': 0, 'i': 47, 'p': 2532230459640, 'a': 2147483647, 'b': 4328}
mod p a
{'f': 0, 'i': 47, 'p': 347239827, 'a': 2147483647, 'b': 4328}
mul p 129749
{'f': 0, 'i': 47, 'p': 45054020313423, 'a': 2147483647, 'b': 4328}
add p 12345
{'f': 0, 'i': 47, 'p': 45054020325768, 'a': 2147483647, 'b': 4328}
mod p a
{'f': 0, 'i': 47, 'p': 1960895355, 'a': 2147483647, 'b': 4328}
set b p
{'f': 0, 'i': 47, 'p': 1960895355, 'a': 2147483647, 'b': 1960895355}
mod b 10000
{'f': 0, 'i': 47, 'p': 1960895355, 'a': 2147483647, 'b': 5355}
snd b
{'f': 0, 'i': 47, 'p': 1960895355, 'a': 2147483647, 'b': 5355}
add i -1
{'f': 0, 'i': 46, 'p': 1960895355, 'a': 2147483647, 'b': 5355}
jgz i -9
{'f': 0, 'i': 46, 'p': 1960895355, 'a': 2147483647, 'b': 5355}
mul p 8505
{'f': 0, 'i': 46, 'p': 16677414994275, 'a': 2147483647, 'b': 5355}
mod p a
{'f': 0, 'i': 46, 'p': 56991673, 'a': 2147483647, 'b': 5355}
mul p 129749
{'f': 0, 'i': 46, 'p': 7394612580077, 'a': 2147483647, 'b': 5355}
add p 12345
{'f': 0, 'i': 46, 'p': 7394612592422, 'a': 2147483647, 'b': 5355}
mod p a
{'f': 0, 'i': 46, 'p': 826395801, 'a': 2147483647, 'b': 5355}
set b p
{'f': 0, 'i': 46, 'p': 826395801, 'a': 2147483647, 'b': 826395801}
mod b 10000
{'f': 0, 'i': 46, 'p': 826395801, 'a': 2147483647, 'b': 5801}
snd b
{'f': 0, 'i': 46, 'p': 826395801, 'a': 2147483647, 'b': 5801}
add i -1
{'f': 0, 'i': 45, 'p': 826395801, 'a': 2147483647, 'b': 5801}
jgz i -9
{'f': 0, 'i': 45, 'p': 826395801, 'a': 2147483647, 'b': 5801}
mul p 8505
{'f': 0, 'i': 45, 'p': 7028496287505, 'a': 2147483647, 'b': 5801}
mod p a
{'f': 0, 'i': 45, 'p': 1929794521, 'a': 2147483647, 'b': 5801}
mul p 129749
{'f': 0, 'i': 45, 'p': 250388909305229, 'a': 2147483647, 'b': 5801}
add p 12345
{'f': 0, 'i': 45, 'p': 250388909317574, 'a': 2147483647, 'b': 5801}
mod p a
{'f': 0, 'i': 45, 'p': 906011962, 'a': 2147483647, 'b': 5801}
set b p
{'f': 0, 'i': 45, 'p': 906011962, 'a': 2147483647, 'b': 906011962}
mod b 10000
{'f': 0, 'i': 45, 'p': 906011962, 'a': 2147483647, 'b': 1962}
snd b
{'f': 0, 'i': 45, 'p': 906011962, 'a': 2147483647, 'b': 1962}
add i -1
{'f': 0, 'i': 44, 'p': 906011962, 'a': 2147483647, 'b': 1962}
jgz i -9
{'f': 0, 'i': 44, 'p': 906011962, 'a': 2147483647, 'b': 1962}
mul p 8505
{'f': 0, 'i': 44, 'p': 7705631736810, 'a': 2147483647, 'b': 1962}
mod p a
{'f': 0, 'i': 44, 'p': 460411374, 'a': 2147483647, 'b': 1962}
mul p 129749
{'f': 0, 'i': 44, 'p': 59737915365126, 'a': 2147483647, 'b': 1962}
add p 12345
{'f': 0, 'i': 44, 'p': 59737915377471, 'a': 2147483647, 'b': 1962}
mod p a
{'f': 0, 'i': 44, 'p': 1362768872, 'a': 2147483647, 'b': 1962}
set b p
{'f': 0, 'i': 44, 'p': 1362768872, 'a': 2147483647, 'b': 1362768872}
mod b 10000
{'f': 0, 'i': 44, 'p': 1362768872, 'a': 2147483647, 'b': 8872}
snd b
{'f': 0, 'i': 44, 'p': 1362768872, 'a': 2147483647, 'b': 8872}
add i -1
{'f': 0, 'i': 43, 'p': 1362768872, 'a': 2147483647, 'b': 8872}
jgz i -9
{'f': 0, 'i': 43, 'p': 1362768872, 'a': 2147483647, 'b': 8872}
mul p 8505
{'f': 0, 'i': 43, 'p': 11590349256360, 'a': 2147483647, 'b': 8872}
mod p a
{'f': 0, 'i': 43, 'p': 380013501, 'a': 2147483647, 'b': 8872}
mul p 129749
{'f': 0, 'i': 43, 'p': 49306371741249, 'a': 2147483647, 'b': 8872}
add p 12345
{'f': 0, 'i': 43, 'p': 49306371753594, 'a': 2147483647, 'b': 8872}
mod p a
{'f': 0, 'i': 43, 'p': 147218474, 'a': 2147483647, 'b': 8872}
set b p
{'f': 0, 'i': 43, 'p': 147218474, 'a': 2147483647, 'b': 147218474}
mod b 10000
{'f': 0, 'i': 43, 'p': 147218474, 'a': 2147483647, 'b': 8474}
snd b
{'f': 0, 'i': 43, 'p': 147218474, 'a': 2147483647, 'b': 8474}
add i -1
{'f': 0, 'i': 42, 'p': 147218474, 'a': 2147483647, 'b': 8474}
jgz i -9
{'f': 0, 'i': 42, 'p': 147218474, 'a': 2147483647, 'b': 8474}
mul p 8505
{'f': 0, 'i': 42, 'p': 1252093121370, 'a': 2147483647, 'b': 8474}
mod p a
{'f': 0, 'i': 42, 'p': 110155169, 'a': 2147483647, 'b': 8474}
mul p 129749
{'f': 0, 'i': 42, 'p': 14292523022581, 'a': 2147483647, 'b': 8474}
add p 12345
{'f': 0, 'i': 42, 'p': 14292523034926, 'a': 2147483647, 'b': 8474}
mod p a
{'f': 0, 'i': 42, 'p': 1019364141, 'a': 2147483647, 'b': 8474}
set b p
{'f': 0, 'i': 42, 'p': 1019364141, 'a': 2147483647, 'b': 1019364141}
mod b 10000
{'f': 0, 'i': 42, 'p': 1019364141, 'a': 2147483647, 'b': 4141}
snd b
{'f': 0, 'i': 42, 'p': 1019364141, 'a': 2147483647, 'b': 4141}
add i -1
{'f': 0, 'i': 41, 'p': 1019364141, 'a': 2147483647, 'b': 4141}
jgz i -9
{'f': 0, 'i': 41, 'p': 1019364141, 'a': 2147483647, 'b': 4141}
mul p 8505
{'f': 0, 'i': 41, 'p': 8669692019205, 'a': 2147483647, 'b': 4141}
mod p a
{'f': 0, 'i': 41, 'p': 300536266, 'a': 2147483647, 'b': 4141}
mul p 129749
{'f': 0, 'i': 41, 'p': 38994279977234, 'a': 2147483647, 'b': 4141}
add p 12345
{'f': 0, 'i': 41, 'p': 38994279989579, 'a': 2147483647, 'b': 4141}
mod p a
{'f': 0, 'i': 41, 'p': 271927353, 'a': 2147483647, 'b': 4141}
set b p
{'f': 0, 'i': 41, 'p': 271927353, 'a': 2147483647, 'b': 271927353}
mod b 10000
{'f': 0, 'i': 41, 'p': 271927353, 'a': 2147483647, 'b': 7353}
snd b
{'f': 0, 'i': 41, 'p': 271927353, 'a': 2147483647, 'b': 7353}
add i -1
{'f': 0, 'i': 40, 'p': 271927353, 'a': 2147483647, 'b': 7353}
jgz i -9
{'f': 0, 'i': 40, 'p': 271927353, 'a': 2147483647, 'b': 7353}
mul p 8505
{'f': 0, 'i': 40, 'p': 2312742137265, 'a': 2147483647, 'b': 7353}
mod p a
{'f': 0, 'i': 40, 'p': 2049733093, 'a': 2147483647, 'b': 7353}
mul p 129749
{'f': 0, 'i': 40, 'p': 265950819083657, 'a': 2147483647, 'b': 7353}
add p 12345
{'f': 0, 'i': 40, 'p': 265950819096002, 'a': 2147483647, 'b': 7353}
mod p a
{'f': 0, 'i': 40, 'p': 1800581, 'a': 2147483647, 'b': 7353}
set b p
{'f': 0, 'i': 40, 'p': 1800581, 'a': 2147483647, 'b': 1800581}
mod b 10000
{'f': 0, 'i': 40, 'p': 1800581, 'a': 2147483647, 'b': 581}
snd b
{'f': 0, 'i': 40, 'p': 1800581, 'a': 2147483647, 'b': 581}
add i -1
{'f': 0, 'i': 39, 'p': 1800581, 'a': 2147483647, 'b': 581}
jgz i -9
{'f': 0, 'i': 39, 'p': 1800581, 'a': 2147483647, 'b': 581}
mul p 8505
{'f': 0, 'i': 39, 'p': 15313941405, 'a': 2147483647, 'b': 581}
mod p a
{'f': 0, 'i': 39, 'p': 281555876, 'a': 2147483647, 'b': 581}
mul p 129749
{'f': 0, 'i': 39, 'p': 36531593355124, 'a': 2147483647, 'b': 581}
add p 12345
{'f': 0, 'i': 39, 'p': 36531593367469, 'a': 2147483647, 'b': 581}
mod p a
{'f': 0, 'i': 39, 'p': 749048352, 'a': 2147483647, 'b': 581}
set b p
{'f': 0, 'i': 39, 'p': 749048352, 'a': 2147483647, 'b': 749048352}
mod b 10000
{'f': 0, 'i': 39, 'p': 749048352, 'a': 2147483647, 'b': 8352}
snd b
{'f': 0, 'i': 39, 'p': 749048352, 'a': 2147483647, 'b': 8352}
add i -1
{'f': 0, 'i': 38, 'p': 749048352, 'a': 2147483647, 'b': 8352}
jgz i -9
{'f': 0, 'i': 38, 'p': 749048352, 'a': 2147483647, 'b': 8352}
mul p 8505
{'f': 0, 'i': 38, 'p': 6370656233760, 'a': 2147483647, 'b': 8352}
mod p a
{'f': 0, 'i': 38, 'p': 1219736758, 'a': 2147483647, 'b': 8352}
mul p 129749
{'f': 0, 'i': 38, 'p': 158259624613742, 'a': 2147483647, 'b': 8352}
add p 12345
{'f': 0, 'i': 38, 'p': 158259624626087, 'a': 2147483647, 'b': 8352}
mod p a
{'f': 0, 'i': 38, 'p': 817260422, 'a': 2147483647, 'b': 8352}
set b p
{'f': 0, 'i': 38, 'p': 817260422, 'a': 2147483647, 'b': 817260422}
mod b 10000
{'f': 0, 'i': 38, 'p': 817260422, 'a': 2147483647, 'b': 422}
snd b
{'f': 0, 'i': 38, 'p': 817260422, 'a': 2147483647, 'b': 422}
add i -1
{'f': 0, 'i': 37, 'p': 817260422, 'a': 2147483647, 'b': 422}
jgz i -9
{'f': 0, 'i': 37, 'p': 817260422, 'a': 2147483647, 'b': 422}
mul p 8505
{'f': 0, 'i': 37, 'p': 6950799889110, 'a': 2147483647, 'b': 422}
mod p a
{'f': 0, 'i': 37, 'p': 1542807418, 'a': 2147483647, 'b': 422}
mul p 129749
{'f': 0, 'i': 37, 'p': 200177719678082, 'a': 2147483647, 'b': 422}
add p 12345
{'f': 0, 'i': 37, 'p': 200177719690427, 'a': 2147483647, 'b': 422}
mod p a
{'f': 0, 'i': 37, 'p': 31535322, 'a': 2147483647, 'b': 422}
set b p
{'f': 0, 'i': 37, 'p': 31535322, 'a': 2147483647, 'b': 31535322}
mod b 10000
{'f': 0, 'i': 37, 'p': 31535322, 'a': 2147483647, 'b': 5322}
snd b
{'f': 0, 'i': 37, 'p': 31535322, 'a': 2147483647, 'b': 5322}
add i -1
{'f': 0, 'i': 36, 'p': 31535322, 'a': 2147483647, 'b': 5322}
jgz i -9
{'f': 0, 'i': 36, 'p': 31535322, 'a': 2147483647, 'b': 5322}
mul p 8505
{'f': 0, 'i': 36, 'p': 268207913610, 'a': 2147483647, 'b': 5322}
mod p a
{'f': 0, 'i': 36, 'p': 1919941382, 'a': 2147483647, 'b': 5322}
mul p 129749
{'f': 0, 'i': 36, 'p': 249110474373118, 'a': 2147483647, 'b': 5322}
add p 12345
{'f': 0, 'i': 36, 'p': 249110474385463, 'a': 2147483647, 'b': 5322}
mod p a
{'f': 0, 'i': 36, 'p': 223849816, 'a': 2147483647, 'b': 5322}
set b p
{'f': 0, 'i': 36, 'p': 223849816, 'a': 2147483647, 'b': 223849816}
mod b 10000
{'f': 0, 'i': 36, 'p': 223849816, 'a': 2147483647, 'b': 9816}
snd b
{'f': 0, 'i': 36, 'p': 223849816, 'a': 2147483647, 'b': 9816}
add i -1
{'f': 0, 'i': 35, 'p': 223849816, 'a': 2147483647, 'b': 9816}
jgz i -9
{'f': 0, 'i': 35, 'p': 223849816, 'a': 2147483647, 'b': 9816}
mul p 8505
{'f': 0, 'i': 35, 'p': 1903842685080, 'a': 2147483647, 'b': 9816}
mod p a
{'f': 0, 'i': 35, 'p': 1172173838, 'a': 2147483647, 'b': 9816}
mul p 129749
{'f': 0, 'i': 35, 'p': 152088383306662, 'a': 2147483647, 'b': 9816}
add p 12345
{'f': 0, 'i': 35, 'p': 152088383319007, 'a': 2147483647, 'b': 9816}
mod p a
{'f': 0, 'i': 35, 'p': 1443954820, 'a': 2147483647, 'b': 9816}
set b p
{'f': 0, 'i': 35, 'p': 1443954820, 'a': 2147483647, 'b': 1443954820}
mod b 10000
{'f': 0, 'i': 35, 'p': 1443954820, 'a': 2147483647, 'b': 4820}
snd b
{'f': 0, 'i': 35, 'p': 1443954820, 'a': 2147483647, 'b': 4820}
add i -1
{'f': 0, 'i': 34, 'p': 1443954820, 'a': 2147483647, 'b': 4820}
jgz i -9
{'f': 0, 'i': 34, 'p': 1443954820, 'a': 2147483647, 'b': 4820}
mul p 8505
{'f': 0, 'i': 34, 'p': 12280835744100, 'a': 2147483647, 'b': 4820}
mod p a
{'f': 0, 'i': 34, 'p': 1524250554, 'a': 2147483647, 'b': 4820}
mul p 129749
{'f': 0, 'i': 34, 'p': 197769985130946, 'a': 2147483647, 'b': 4820}
add p 12345
{'f': 0, 'i': 34, 'p': 197769985143291, 'a': 2147483647, 'b': 4820}
mod p a
{'f': 0, 'i': 34, 'p': 1773640120, 'a': 2147483647, 'b': 4820}
set b p
{'f': 0, 'i': 34, 'p': 1773640120, 'a': 2147483647, 'b': 1773640120}
mod b 10000
{'f': 0, 'i': 34, 'p': 1773640120, 'a': 2147483647, 'b': 120}
snd b
{'f': 0, 'i': 34, 'p': 1773640120, 'a': 2147483647, 'b': 120}
add i -1
{'f': 0, 'i': 33, 'p': 1773640120, 'a': 2147483647, 'b': 120}
jgz i -9
{'f': 0, 'i': 33, 'p': 1773640120, 'a': 2147483647, 'b': 120}
mul p 8505
{'f': 0, 'i': 33, 'p': 15084809220600, 'a': 2147483647, 'b': 120}
mod p a
{'f': 0, 'i': 33, 'p': 884084072, 'a': 2147483647, 'b': 120}
mul p 129749
{'f': 0, 'i': 33, 'p': 114709024257928, 'a': 2147483647, 'b': 120}
add p 12345
{'f': 0, 'i': 33, 'p': 114709024270273, 'a': 2147483647, 'b': 120}
mod p a
{'f': 0, 'i': 33, 'p': 1185265768, 'a': 2147483647, 'b': 120}
set b p
{'f': 0, 'i': 33, 'p': 1185265768, 'a': 2147483647, 'b': 1185265768}
mod b 10000
{'f': 0, 'i': 33, 'p': 1185265768, 'a': 2147483647, 'b': 5768}
snd b
{'f': 0, 'i': 33, 'p': 1185265768, 'a': 2147483647, 'b': 5768}
add i -1
{'f': 0, 'i': 32, 'p': 1185265768, 'a': 2147483647, 'b': 5768}
jgz i -9
{'f': 0, 'i': 32, 'p': 1185265768, 'a': 2147483647, 'b': 5768}
mul p 8505
{'f': 0, 'i': 32, 'p': 10080685356840, 'a': 2147483647, 'b': 5768}
mod p a
{'f': 0, 'i': 32, 'p': 397117822, 'a': 2147483647, 'b': 5768}
mul p 129749
{'f': 0, 'i': 32, 'p': 51525640286678, 'a': 2147483647, 'b': 5768}
add p 12345
{'f': 0, 'i': 32, 'p': 51525640299023, 'a': 2147483647, 'b': 5768}
mod p a
{'f': 0, 'i': 32, 'p': 1065156552, 'a': 2147483647, 'b': 5768}
set b p
{'f': 0, 'i': 32, 'p': 1065156552, 'a': 2147483647, 'b': 1065156552}
mod b 10000
{'f': 0, 'i': 32, 'p': 1065156552, 'a': 2147483647, 'b': 6552}
snd b
{'f': 0, 'i': 32, 'p': 1065156552, 'a': 2147483647, 'b': 6552}
add i -1
{'f': 0, 'i': 31, 'p': 1065156552, 'a': 2147483647, 'b': 6552}
jgz i -9
{'f': 0, 'i': 31, 'p': 1065156552, 'a': 2147483647, 'b': 6552}
mul p 8505
{'f': 0, 'i': 31, 'p': 9059156474760, 'a': 2147483647, 'b': 6552}
mod p a
{'f': 0, 'i': 31, 'p': 1070451714, 'a': 2147483647, 'b': 6552}
mul p 129749
{'f': 0, 'i': 31, 'p': 138890039439786, 'a': 2147483647, 'b': 6552}
add p 12345
{'f': 0, 'i': 31, 'p': 138890039452131, 'a': 2147483647, 'b': 6552}
mod p a
{'f': 0, 'i': 31, 'p': 1534582406, 'a': 2147483647, 'b': 6552}
set b p
{'f': 0, 'i': 31, 'p': 1534582406, 'a': 2147483647, 'b': 1534582406}
mod b 10000
{'f': 0, 'i': 31, 'p': 1534582406, 'a': 2147483647, 'b': 2406}
snd b
{'f': 0, 'i': 31, 'p': 1534582406, 'a': 2147483647, 'b': 2406}
add i -1
{'f': 0, 'i': 30, 'p': 1534582406, 'a': 2147483647, 'b': 2406}
jgz i -9
{'f': 0, 'i': 30, 'p': 1534582406, 'a': 2147483647, 'b': 2406}
mul p 8505
{'f': 0, 'i': 30, 'p': 13051623363030, 'a': 2147483647, 'b': 2406}
mod p a
{'f': 0, 'i': 30, 'p': 1365240211, 'a': 2147483647, 'b': 2406}
mul p 129749
{'f': 0, 'i': 30, 'p': 177138552137039, 'a': 2147483647, 'b': 2406}
add p 12345
{'f': 0, 'i': 30, 'p': 177138552149384, 'a': 2147483647, 'b': 2406}
mod p a
{'f': 0, 'i': 30, 'p': 1216042942, 'a': 2147483647, 'b': 2406}
set b p
{'f': 0, 'i': 30, 'p': 1216042942, 'a': 2147483647, 'b': 1216042942}
mod b 10000
{'f': 0, 'i': 30, 'p': 1216042942, 'a': 2147483647, 'b': 2942}
snd b
{'f': 0, 'i': 30, 'p': 1216042942, 'a': 2147483647, 'b': 2942}
add i -1
{'f': 0, 'i': 29, 'p': 1216042942, 'a': 2147483647, 'b': 2942}
jgz i -9
{'f': 0, 'i': 29, 'p': 1216042942, 'a': 2147483647, 'b': 2942}
mul p 8505
{'f': 0, 'i': 29, 'p': 10342445221710, 'a': 2147483647, 'b': 2942}
mod p a
{'f': 0, 'i': 29, 'p': 163977758, 'a': 2147483647, 'b': 2942}
mul p 129749
{'f': 0, 'i': 29, 'p': 21275950122742, 'a': 2147483647, 'b': 2942}
add p 12345
{'f': 0, 'i': 29, 'p': 21275950135087, 'a': 2147483647, 'b': 2942}
mod p a
{'f': 0, 'i': 29, 'p': 829644258, 'a': 2147483647, 'b': 2942}
set b p
{'f': 0, 'i': 29, 'p': 829644258, 'a': 2147483647, 'b': 829644258}
mod b 10000
{'f': 0, 'i': 29, 'p': 829644258, 'a': 2147483647, 'b': 4258}
snd b
{'f': 0, 'i': 29, 'p': 829644258, 'a': 2147483647, 'b': 4258}
add i -1
{'f': 0, 'i': 28, 'p': 829644258, 'a': 2147483647, 'b': 4258}
jgz i -9
{'f': 0, 'i': 28, 'p': 829644258, 'a': 2147483647, 'b': 4258}
mul p 8505
{'f': 0, 'i': 28, 'p': 7056124414290, 'a': 2147483647, 'b': 4258}
mod p a
{'f': 0, 'i': 28, 'p': 1640633895, 'a': 2147483647, 'b': 4258}
mul p 129749
{'f': 0, 'i': 28, 'p': 212870607242355, 'a': 2147483647, 'b': 4258}
add p 12345
{'f': 0, 'i': 28, 'p': 212870607254700, 'a': 2147483647, 'b': 4258}
mod p a
{'f': 0, 'i': 28, 'p': 1290745825, 'a': 2147483647, 'b': 4258}
set b p
{'f': 0, 'i': 28, 'p': 1290745825, 'a': 2147483647, 'b': 1290745825}
mod b 10000
{'f': 0, 'i': 28, 'p': 1290745825, 'a': 2147483647, 'b': 5825}
snd b
{'f': 0, 'i': 28, 'p': 1290745825, 'a': 2147483647, 'b': 5825}
add i -1
{'f': 0, 'i': 27, 'p': 1290745825, 'a': 2147483647, 'b': 5825}
jgz i -9
{'f': 0, 'i': 27, 'p': 1290745825, 'a': 2147483647, 'b': 5825}
mul p 8505
{'f': 0, 'i': 27, 'p': 10977793241625, 'a': 2147483647, 'b': 5825}
mod p a
{'f': 0, 'i': 27, 'p': 2004321808, 'a': 2147483647, 'b': 5825}
mul p 129749
{'f': 0, 'i': 27, 'p': 260058750266192, 'a': 2147483647, 'b': 5825}
add p 12345
{'f': 0, 'i': 27, 'p': 260058750278537, 'a': 2147483647, 'b': 5825}
mod p a
{'f': 0, 'i': 27, 'p': 628110484, 'a': 2147483647, 'b': 5825}
set b p
{'f': 0, 'i': 27, 'p': 628110484, 'a': 2147483647, 'b': 628110484}
mod b 10000
{'f': 0, 'i': 27, 'p': 628110484, 'a': 2147483647, 'b': 484}
snd b
{'f': 0, 'i': 27, 'p': 628110484, 'a': 2147483647, 'b': 484}
add i -1
{'f': 0, 'i': 26, 'p': 628110484, 'a': 2147483647, 'b': 484}
jgz i -9
{'f': 0, 'i': 26, 'p': 628110484, 'a': 2147483647, 'b': 484}
mul p 8505
{'f': 0, 'i': 26, 'p': 5342079666420, 'a': 2147483647, 'b': 484}
mod p a
{'f': 0, 'i': 26, 'p': 1287836331, 'a': 2147483647, 'b': 484}
mul p 129749
{'f': 0, 'i': 26, 'p': 167095476110919, 'a': 2147483647, 'b': 484}
add p 12345
{'f': 0, 'i': 26, 'p': 167095476123264, 'a': 2147483647, 'b': 484}
mod p a
{'f': 0, 'i': 26, 'p': 1921033841, 'a': 2147483647, 'b': 484}
set b p
{'f': 0, 'i': 26, 'p': 1921033841, 'a': 2147483647, 'b': 1921033841}
mod b 10000
{'f': 0, 'i': 26, 'p': 1921033841, 'a': 2147483647, 'b': 3841}
snd b
{'f': 0, 'i': 26, 'p': 1921033841, 'a': 2147483647, 'b': 3841}
add i -1
{'f': 0, 'i': 25, 'p': 1921033841, 'a': 2147483647, 'b': 3841}
jgz i -9
{'f': 0, 'i': 25, 'p': 1921033841, 'a': 2147483647, 'b': 3841}
mul p 8505
{'f': 0, 'i': 25, 'p': 16338392817705, 'a': 2147483647, 'b': 3841}
mod p a
{'f': 0, 'i': 25, 'p': 337231329, 'a': 2147483647, 'b': 3841}
mul p 129749
{'f': 0, 'i': 25, 'p': 43755427706421, 'a': 2147483647, 'b': 3841}
add p 12345
{'f': 0, 'i': 25, 'p': 43755427718766, 'a': 2147483647, 'b': 3841}
mod p a
{'f': 0, 'i': 25, 'p': 448411141, 'a': 2147483647, 'b': 3841}
set b p
{'f': 0, 'i': 25, 'p': 448411141, 'a': 2147483647, 'b': 448411141}
mod b 10000
{'f': 0, 'i': 25, 'p': 448411141, 'a': 2147483647, 'b': 1141}
snd b
{'f': 0, 'i': 25, 'p': 448411141, 'a': 2147483647, 'b': 1141}
add i -1
{'f': 0, 'i': 24, 'p': 448411141, 'a': 2147483647, 'b': 1141}
jgz i -9
{'f': 0, 'i': 24, 'p': 448411141, 'a': 2147483647, 'b': 1141}
mul p 8505
{'f': 0, 'i': 24, 'p': 3813736754205, 'a': 2147483647, 'b': 1141}
mod p a
{'f': 0, 'i': 24, 'p': 1953280780, 'a': 2147483647, 'b': 1141}
mul p 129749
{'f': 0, 'i': 24, 'p': 253436227924220, 'a': 2147483647, 'b': 1141}
add p 12345
{'f': 0, 'i': 24, 'p': 253436227936565, 'a': 2147483647, 'b': 1141}
mod p a
{'f': 0, 'i': 24, 'p': 945335860, 'a': 2147483647, 'b': 1141}
set b p
{'f': 0, 'i': 24, 'p': 945335860, 'a': 2147483647, 'b': 945335860}
mod b 10000
{'f': 0, 'i': 24, 'p': 945335860, 'a': 2147483647, 'b': 5860}
snd b
{'f': 0, 'i': 24, 'p': 945335860, 'a': 2147483647, 'b': 5860}
add i -1
{'f': 0, 'i': 23, 'p': 945335860, 'a': 2147483647, 'b': 5860}
jgz i -9
{'f': 0, 'i': 23, 'p': 945335860, 'a': 2147483647, 'b': 5860}
mul p 8505
{'f': 0, 'i': 23, 'p': 8040081489300, 'a': 2147483647, 'b': 5860}
mod p a
{'f': 0, 'i': 23, 'p': 2050198579, 'a': 2147483647, 'b': 5860}
mul p 129749
{'f': 0, 'i': 23, 'p': 266011215426671, 'a': 2147483647, 'b': 5860}
add p 12345
{'f': 0, 'i': 23, 'p': 266011215439016, 'a': 2147483647, 'b': 5860}
mod p a
{'f': 0, 'i': 23, 'p': 268601479, 'a': 2147483647, 'b': 5860}
set b p
{'f': 0, 'i': 23, 'p': 268601479, 'a': 2147483647, 'b': 268601479}
mod b 10000
{'f': 0, 'i': 23, 'p': 268601479, 'a': 2147483647, 'b': 1479}
snd b
{'f': 0, 'i': 23, 'p': 268601479, 'a': 2147483647, 'b': 1479}
add i -1
{'f': 0, 'i': 22, 'p': 268601479, 'a': 2147483647, 'b': 1479}
jgz i -9
{'f': 0, 'i': 22, 'p': 268601479, 'a': 2147483647, 'b': 1479}
mul p 8505
{'f': 0, 'i': 22, 'p': 2284455578895, 'a': 2147483647, 'b': 1479}
mod p a
{'f': 0, 'i': 22, 'p': 1680462134, 'a': 2147483647, 'b': 1479}
mul p 129749
{'f': 0, 'i': 22, 'p': 218038281424366, 'a': 2147483647, 'b': 1479}
add p 12345
{'f': 0, 'i': 22, 'p': 218038281436711, 'a': 2147483647, 'b': 1479}
mod p a
{'f': 0, 'i': 22, 'p': 2119273154, 'a': 2147483647, 'b': 1479}
set b p
{'f': 0, 'i': 22, 'p': 2119273154, 'a': 2147483647, 'b': 2119273154}
mod b 10000
{'f': 0, 'i': 22, 'p': 2119273154, 'a': 2147483647, 'b': 3154}
snd b
{'f': 0, 'i': 22, 'p': 2119273154, 'a': 2147483647, 'b': 3154}
add i -1
{'f': 0, 'i': 21, 'p': 2119273154, 'a': 2147483647, 'b': 3154}
jgz i -9
{'f': 0, 'i': 21, 'p': 2119273154, 'a': 2147483647, 'b': 3154}
mul p 8505
{'f': 0, 'i': 21, 'p': 18024418174770, 'a': 2147483647, 'b': 3154}
mod p a
{'f': 0, 'i': 21, 'p': 587925499, 'a': 2147483647, 'b': 3154}
mul p 129749
{'f': 0, 'i': 21, 'p': 76282745569751, 'a': 2147483647, 'b': 3154}
add p 12345
{'f': 0, 'i': 21, 'p': 76282745582096, 'a': 2147483647, 'b': 3154}
mod p a
{'f': 0, 'i': 21, 'p': 1978957009, 'a': 2147483647, 'b': 3154}
set b p
{'f': 0, 'i': 21, 'p': 1978957009, 'a': 2147483647, 'b': 1978957009}
mod b 10000
{'f': 0, 'i': 21, 'p': 1978957009, 'a': 2147483647, 'b': 7009}
snd b
{'f': 0, 'i': 21, 'p': 1978957009, 'a': 2147483647, 'b': 7009}
add i -1
{'f': 0, 'i': 20, 'p': 1978957009, 'a': 2147483647, 'b': 7009}
jgz i -9
{'f': 0, 'i': 20, 'p': 1978957009, 'a': 2147483647, 'b': 7009}
mul p 8505
{'f': 0, 'i': 20, 'p': 16831029361545, 'a': 2147483647, 'b': 7009}
mod p a
{'f': 0, 'i': 20, 'p': 1200020006, 'a': 2147483647, 'b': 7009}
mul p 129749
{'f': 0, 'i': 20, 'p': 155701395758494, 'a': 2147483647, 'b': 7009}
add p 12345
{'f': 0, 'i': 20, 'p': 155701395770839, 'a': 2147483647, 'b': 7009}
mod p a
{'f': 0, 'i': 20, 'p': 241428751, 'a': 2147483647, 'b': 7009}
set b p
{'f': 0, 'i': 20, 'p': 241428751, 'a': 2147483647, 'b': 241428751}
mod b 10000
{'f': 0, 'i': 20, 'p': 241428751, 'a': 2147483647, 'b': 8751}
snd b
{'f': 0, 'i': 20, 'p': 241428751, 'a': 2147483647, 'b': 8751}
add i -1
{'f': 0, 'i': 19, 'p': 241428751, 'a': 2147483647, 'b': 8751}
jgz i -9
{'f': 0, 'i': 19, 'p': 241428751, 'a': 2147483647, 'b': 8751}
mul p 8505
{'f': 0, 'i': 19, 'p': 2053351527255, 'a': 2147483647, 'b': 8751}
mod p a
{'f': 0, 'i': 19, 'p': 357160723, 'a': 2147483647, 'b': 8751}
mul p 129749
{'f': 0, 'i': 19, 'p': 46341246648527, 'a': 2147483647, 'b': 8751}
add p 12345
{'f': 0, 'i': 19, 'p': 46341246660872, 'a': 2147483647, 'b': 8751}
mod p a
{'f': 0, 'i': 19, 'p': 697042259, 'a': 2147483647, 'b': 8751}
set b p
{'f': 0, 'i': 19, 'p': 697042259, 'a': 2147483647, 'b': 697042259}
mod b 10000
{'f': 0, 'i': 19, 'p': 697042259, 'a': 2147483647, 'b': 2259}
snd b
{'f': 0, 'i': 19, 'p': 697042259, 'a': 2147483647, 'b': 2259}
add i -1
{'f': 0, 'i': 18, 'p': 697042259, 'a': 2147483647, 'b': 2259}
jgz i -9
{'f': 0, 'i': 18, 'p': 697042259, 'a': 2147483647, 'b': 2259}
mul p 8505
{'f': 0, 'i': 18, 'p': 5928344412795, 'a': 2147483647, 'b': 2259}
mod p a
{'f': 0, 'i': 18, 'p': 1289547075, 'a': 2147483647, 'b': 2259}
mul p 129749
{'f': 0, 'i': 18, 'p': 167317443434175, 'a': 2147483647, 'b': 2259}
add p 12345
{'f': 0, 'i': 18, 'p': 167317443446520, 'a': 2147483647, 'b': 2259}
mod p a
{'f': 0, 'i': 18, 'p': 550057809, 'a': 2147483647, 'b': 2259}
set b p
{'f': 0, 'i': 18, 'p': 550057809, 'a': 2147483647, 'b': 550057809}
mod b 10000
{'f': 0, 'i': 18, 'p': 550057809, 'a': 2147483647, 'b': 7809}
snd b
{'f': 0, 'i': 18, 'p': 550057809, 'a': 2147483647, 'b': 7809}
add i -1
{'f': 0, 'i': 17, 'p': 550057809, 'a': 2147483647, 'b': 7809}
jgz i -9
{'f': 0, 'i': 17, 'p': 550057809, 'a': 2147483647, 'b': 7809}
mul p 8505
{'f': 0, 'i': 17, 'p': 4678241665545, 'a': 2147483647, 'b': 7809}
mod p a
{'f': 0, 'i': 17, 'p': 1022282379, 'a': 2147483647, 'b': 7809}
mul p 129749
{'f': 0, 'i': 17, 'p': 132640116392871, 'a': 2147483647, 'b': 7809}
add p 12345
{'f': 0, 'i': 17, 'p': 132640116405216, 'a': 2147483647, 'b': 7809}
mod p a
{'f': 0, 'i': 17, 'p': 788948261, 'a': 2147483647, 'b': 7809}
set b p
{'f': 0, 'i': 17, 'p': 788948261, 'a': 2147483647, 'b': 788948261}
mod b 10000
{'f': 0, 'i': 17, 'p': 788948261, 'a': 2147483647, 'b': 8261}
snd b
{'f': 0, 'i': 17, 'p': 788948261, 'a': 2147483647, 'b': 8261}
add i -1
{'f': 0, 'i': 16, 'p': 788948261, 'a': 2147483647, 'b': 8261}
jgz i -9
{'f': 0, 'i': 16, 'p': 788948261, 'a': 2147483647, 'b': 8261}
mul p 8505
{'f': 0, 'i': 16, 'p': 6710004959805, 'a': 2147483647, 'b': 8261}
mod p a
{'f': 0, 'i': 16, 'p': 1266046577, 'a': 2147483647, 'b': 8261}
mul p 129749
{'f': 0, 'i': 16, 'p': 164268277319173, 'a': 2147483647, 'b': 8261}
add p 12345
{'f': 0, 'i': 16, 'p': 164268277331518, 'a': 2147483647, 'b': 8261}
mod p a
{'f': 0, 'i': 16, 'p': 810721547, 'a': 2147483647, 'b': 8261}
set b p
{'f': 0, 'i': 16, 'p': 810721547, 'a': 2147483647, 'b': 810721547}
mod b 10000
{'f': 0, 'i': 16, 'p': 810721547, 'a': 2147483647, 'b': 1547}
snd b
{'f': 0, 'i': 16, 'p': 810721547, 'a': 2147483647, 'b': 1547}
add i -1
{'f': 0, 'i': 15, 'p': 810721547, 'a': 2147483647, 'b': 1547}
jgz i -9
{'f': 0, 'i': 15, 'p': 810721547, 'a': 2147483647, 'b': 1547}
mul p 8505
{'f': 0, 'i': 15, 'p': 6895186757235, 'a': 2147483647, 'b': 1547}
mod p a
{'f': 0, 'i': 15, 'p': 1764250365, 'a': 2147483647, 'b': 1547}
mul p 129749
{'f': 0, 'i': 15, 'p': 228909720608385, 'a': 2147483647, 'b': 1547}
add p 12345
{'f': 0, 'i': 15, 'p': 228909720620730, 'a': 2147483647, 'b': 1547}
mod p a
{'f': 0, 'i': 15, 'p': 848752412, 'a': 2147483647, 'b': 1547}
set b p
{'f': 0, 'i': 15, 'p': 848752412, 'a': 2147483647, 'b': 848752412}
mod b 10000
{'f': 0, 'i': 15, 'p': 848752412, 'a': 2147483647, 'b': 2412}
snd b
{'f': 0, 'i': 15, 'p': 848752412, 'a': 2147483647, 'b': 2412}
add i -1
{'f': 0, 'i': 14, 'p': 848752412, 'a': 2147483647, 'b': 2412}
jgz i -9
{'f': 0, 'i': 14, 'p': 848752412, 'a': 2147483647, 'b': 2412}
mul p 8505
{'f': 0, 'i': 14, 'p': 7218639264060, 'a': 2147483647, 'b': 2412}
mod p a
{'f': 0, 'i': 14, 'p': 946726493, 'a': 2147483647, 'b': 2412}
mul p 129749
{'f': 0, 'i': 14, 'p': 122836815740257, 'a': 2147483647, 'b': 2412}
add p 12345
{'f': 0, 'i': 14, 'p': 122836815752602, 'a': 2147483647, 'b': 2412}
mod p a
{'f': 0, 'i': 14, 'p': 751144202, 'a': 2147483647, 'b': 2412}
set b p
{'f': 0, 'i': 14, 'p': 751144202, 'a': 2147483647, 'b': 751144202}
mod b 10000
{'f': 0, 'i': 14, 'p': 751144202, 'a': 2147483647, 'b': 4202}
snd b
{'f': 0, 'i': 14, 'p': 751144202, 'a': 2147483647, 'b': 4202}
add i -1
{'f': 0, 'i': 13, 'p': 751144202, 'a': 2147483647, 'b': 4202}
jgz i -9
{'f': 0, 'i': 13, 'p': 751144202, 'a': 2147483647, 'b': 4202}
mul p 8505
{'f': 0, 'i': 13, 'p': 6388481438010, 'a': 2147483647, 'b': 4202}
mod p a
{'f': 0, 'i': 13, 'p': 1865071832, 'a': 2147483647, 'b': 4202}
mul p 129749
{'f': 0, 'i': 13, 'p': 241991205130168, 'a': 2147483647, 'b': 4202}
add p 12345
{'f': 0, 'i': 13, 'p': 241991205142513, 'a': 2147483647, 'b': 4202}
mod p a
{'f': 0, 'i': 13, 'p': 2010380318, 'a': 2147483647, 'b': 4202}
set b p
{'f': 0, 'i': 13, 'p': 2010380318, 'a': 2147483647, 'b': 2010380318}
mod b 10000
{'f': 0, 'i': 13, 'p': 2010380318, 'a': 2147483647, 'b': 318}
snd b
{'f': 0, 'i': 13, 'p': 2010380318, 'a': 2147483647, 'b': 318}
add i -1
{'f': 0, 'i': 12, 'p': 2010380318, 'a': 2147483647, 'b': 318}
jgz i -9
{'f': 0, 'i': 12, 'p': 2010380318, 'a': 2147483647, 'b': 318}
mul p 8505
{'f': 0, 'i': 12, 'p': 17098284604590, 'a': 2147483647, 'b': 318}
mod p a
{'f': 0, 'i': 12, 'p': 19807176, 'a': 2147483647, 'b': 318}
mul p 129749
{'f': 0, 'i': 12, 'p': 2569961278824, 'a': 2147483647, 'b': 318}
add p 12345
{'f': 0, 'i': 12, 'p': 2569961291169, 'a': 2147483647, 'b': 318}
mod p a
{'f': 0, 'i': 12, 'p': 1570849357, 'a': 2147483647, 'b': 318}
set b p
{'f': 0, 'i': 12, 'p': 1570849357, 'a': 2147483647, 'b': 1570849357}
mod b 10000
{'f': 0, 'i': 12, 'p': 1570849357, 'a': 2147483647, 'b': 9357}
snd b
{'f': 0, 'i': 12, 'p': 1570849357, 'a': 2147483647, 'b': 9357}
add i -1
{'f': 0, 'i': 11, 'p': 1570849357, 'a': 2147483647, 'b': 9357}
jgz i -9
{'f': 0, 'i': 11, 'p': 1570849357, 'a': 2147483647, 'b': 9357}
mul p 8505
{'f': 0, 'i': 11, 'p': 13360073781285, 'a': 2147483647, 'b': 9357}
mod p a
{'f': 0, 'i': 11, 'p': 578013298, 'a': 2147483647, 'b': 9357}
mul p 129749
{'f': 0, 'i': 11, 'p': 74996647402202, 'a': 2147483647, 'b': 9357}
add p 12345
{'f': 0, 'i': 11, 'p': 74996647414547, 'a': 2147483647, 'b': 9357}
mod p a
{'f': 0, 'i': 11, 'p': 76010366, 'a': 2147483647, 'b': 9357}
set b p
{'f': 0, 'i': 11, 'p': 76010366, 'a': 2147483647, 'b': 76010366}
mod b 10000
{'f': 0, 'i': 11, 'p': 76010366, 'a': 2147483647, 'b': 366}
snd b
{'f': 0, 'i': 11, 'p': 76010366, 'a': 2147483647, 'b': 366}
add i -1
{'f': 0, 'i': 10, 'p': 76010366, 'a': 2147483647, 'b': 366}
jgz i -9
{'f': 0, 'i': 10, 'p': 76010366, 'a': 2147483647, 'b': 366}
mul p 8505
{'f': 0, 'i': 10, 'p': 646468162830, 'a': 2147483647, 'b': 366}
mod p a
{'f': 0, 'i': 10, 'p': 75585083, 'a': 2147483647, 'b': 366}
mul p 129749
{'f': 0, 'i': 10, 'p': 9807088934167, 'a': 2147483647, 'b': 366}
add p 12345
{'f': 0, 'i': 10, 'p': 9807088946512, 'a': 2147483647, 'b': 366}
mod p a
{'f': 0, 'i': 10, 'p': 1678614310, 'a': 2147483647, 'b': 366}
set b p
{'f': 0, 'i': 10, 'p': 1678614310, 'a': 2147483647, 'b': 1678614310}
mod b 10000
{'f': 0, 'i': 10, 'p': 1678614310, 'a': 2147483647, 'b': 4310}
snd b
{'f': 0, 'i': 10, 'p': 1678614310, 'a': 2147483647, 'b': 4310}
add i -1
{'f': 0, 'i': 9, 'p': 1678614310, 'a': 2147483647, 'b': 4310}
jgz i -9
{'f': 0, 'i': 9, 'p': 1678614310, 'a': 2147483647, 'b': 4310}
mul p 8505
{'f': 0, 'i': 9, 'p': 14276614706550, 'a': 2147483647, 'b': 4310}
mod p a
{'f': 0, 'i': 9, 'p': 143421294, 'a': 2147483647, 'b': 4310}
mul p 129749
{'f': 0, 'i': 9, 'p': 18608769475206, 'a': 2147483647, 'b': 4310}
add p 12345
{'f': 0, 'i': 9, 'p': 18608769487551, 'a': 2147483647, 'b': 4310}
mod p a
{'f': 0, 'i': 9, 'p': 823686296, 'a': 2147483647, 'b': 4310}
set b p
{'f': 0, 'i': 9, 'p': 823686296, 'a': 2147483647, 'b': 823686296}
mod b 10000
{'f': 0, 'i': 9, 'p': 823686296, 'a': 2147483647, 'b': 6296}
snd b
{'f': 0, 'i': 9, 'p': 823686296, 'a': 2147483647, 'b': 6296}
add i -1
{'f': 0, 'i': 8, 'p': 823686296, 'a': 2147483647, 'b': 6296}
jgz i -9
{'f': 0, 'i': 8, 'p': 823686296, 'a': 2147483647, 'b': 6296}
mul p 8505
{'f': 0, 'i': 8, 'p': 7005451947480, 'a': 2147483647, 'b': 6296}
mod p a
{'f': 0, 'i': 8, 'p': 360290966, 'a': 2147483647, 'b': 6296}
mul p 129749
{'f': 0, 'i': 8, 'p': 46747392547534, 'a': 2147483647, 'b': 6296}
add p 12345
{'f': 0, 'i': 8, 'p': 46747392559879, 'a': 2147483647, 'b': 6296}
mod p a
{'f': 0, 'i': 8, 'p': 968531983, 'a': 2147483647, 'b': 6296}
set b p
{'f': 0, 'i': 8, 'p': 968531983, 'a': 2147483647, 'b': 968531983}
mod b 10000
{'f': 0, 'i': 8, 'p': 968531983, 'a': 2147483647, 'b': 1983}
snd b
{'f': 0, 'i': 8, 'p': 968531983, 'a': 2147483647, 'b': 1983}
add i -1
{'f': 0, 'i': 7, 'p': 968531983, 'a': 2147483647, 'b': 1983}
jgz i -9
{'f': 0, 'i': 7, 'p': 968531983, 'a': 2147483647, 'b': 1983}
mul p 8505
{'f': 0, 'i': 7, 'p': 8237364515415, 'a': 2147483647, 'b': 1983}
mod p a
{'f': 0, 'i': 7, 'p': 1764729170, 'a': 2147483647, 'b': 1983}
mul p 129749
{'f': 0, 'i': 7, 'p': 228971845078330, 'a': 2147483647, 'b': 1983}
add p 12345
{'f': 0, 'i': 7, 'p': 228971845090675, 'a': 2147483647, 'b': 1983}
mod p a
{'f': 0, 'i': 7, 'p': 696196594, 'a': 2147483647, 'b': 1983}
set b p
{'f': 0, 'i': 7, 'p': 696196594, 'a': 2147483647, 'b': 696196594}
mod b 10000
{'f': 0, 'i': 7, 'p': 696196594, 'a': 2147483647, 'b': 6594}
snd b
{'f': 0, 'i': 7, 'p': 696196594, 'a': 2147483647, 'b': 6594}
add i -1
{'f': 0, 'i': 6, 'p': 696196594, 'a': 2147483647, 'b': 6594}
jgz i -9
{'f': 0, 'i': 6, 'p': 696196594, 'a': 2147483647, 'b': 6594}
mul p 8505
{'f': 0, 'i': 6, 'p': 5921152031970, 'a': 2147483647, 'b': 6594}
mod p a
{'f': 0, 'i': 6, 'p': 539617191, 'a': 2147483647, 'b': 6594}
mul p 129749
{'f': 0, 'i': 6, 'p': 70014790915059, 'a': 2147483647, 'b': 6594}
add p 12345
{'f': 0, 'i': 6, 'p': 70014790927404, 'a': 2147483647, 'b': 6594}
mod p a
{'f': 0, 'i': 6, 'p': 381584263, 'a': 2147483647, 'b': 6594}
set b p
{'f': 0, 'i': 6, 'p': 381584263, 'a': 2147483647, 'b': 381584263}
mod b 10000
{'f': 0, 'i': 6, 'p': 381584263, 'a': 2147483647, 'b': 4263}
snd b
{'f': 0, 'i': 6, 'p': 381584263, 'a': 2147483647, 'b': 4263}
add i -1
{'f': 0, 'i': 5, 'p': 381584263, 'a': 2147483647, 'b': 4263}
jgz i -9
{'f': 0, 'i': 5, 'p': 381584263, 'a': 2147483647, 'b': 4263}
mul p 8505
{'f': 0, 'i': 5, 'p': 3245374156815, 'a': 2147483647, 'b': 4263}
mod p a
{'f': 0, 'i': 5, 'p': 526366198, 'a': 2147483647, 'b': 4263}
mul p 129749
{'f': 0, 'i': 5, 'p': 68295487824302, 'a': 2147483647, 'b': 4263}
add p 12345
{'f': 0, 'i': 5, 'p': 68295487836647, 'a': 2147483647, 'b': 4263}
mod p a
{'f': 0, 'i': 5, 'p': 1212894753, 'a': 2147483647, 'b': 4263}
set b p
{'f': 0, 'i': 5, 'p': 1212894753, 'a': 2147483647, 'b': 1212894753}
mod b 10000
{'f': 0, 'i': 5, 'p': 1212894753, 'a': 2147483647, 'b': 4753}
snd b
{'f': 0, 'i': 5, 'p': 1212894753, 'a': 2147483647, 'b': 4753}
add i -1
{'f': 0, 'i': 4, 'p': 1212894753, 'a': 2147483647, 'b': 4753}
jgz i -9
{'f': 0, 'i': 4, 'p': 1212894753, 'a': 2147483647, 'b': 4753}
mul p 8505
{'f': 0, 'i': 4, 'p': 10315669874265, 'a': 2147483647, 'b': 4753}
mod p a
{'f': 0, 'i': 4, 'p': 1305917724, 'a': 2147483647, 'b': 4753}
mul p 129749
{'f': 0, 'i': 4, 'p': 169441518771276, 'a': 2147483647, 'b': 4753}
add p 12345
{'f': 0, 'i': 4, 'p': 169441518783621, 'a': 2147483647, 'b': 4753}
mod p a
{'f': 0, 'i': 4, 'p': 764068027, 'a': 2147483647, 'b': 4753}
set b p
{'f': 0, 'i': 4, 'p': 764068027, 'a': 2147483647, 'b': 764068027}
mod b 10000
{'f': 0, 'i': 4, 'p': 764068027, 'a': 2147483647, 'b': 8027}
snd b
{'f': 0, 'i': 4, 'p': 764068027, 'a': 2147483647, 'b': 8027}
add i -1
{'f': 0, 'i': 3, 'p': 764068027, 'a': 2147483647, 'b': 8027}
jgz i -9
{'f': 0, 'i': 3, 'p': 764068027, 'a': 2147483647, 'b': 8027}
mul p 8505
{'f': 0, 'i': 3, 'p': 6498398569635, 'a': 2147483647, 'b': 8027}
mod p a
{'f': 0, 'i': 3, 'p': 113053813, 'a': 2147483647, 'b': 8027}
mul p 129749
{'f': 0, 'i': 3, 'p': 14668619182937, 'a': 2147483647, 'b': 8027}
add p 12345
{'f': 0, 'i': 3, 'p': 14668619195282, 'a': 2147483647, 'b': 8027}
mod p a
{'f': 0, 'i': 3, 'p': 1305886272, 'a': 2147483647, 'b': 8027}
set b p
{'f': 0, 'i': 3, 'p': 1305886272, 'a': 2147483647, 'b': 1305886272}
mod b 10000
{'f': 0, 'i': 3, 'p': 1305886272, 'a': 2147483647, 'b': 6272}
snd b
{'f': 0, 'i': 3, 'p': 1305886272, 'a': 2147483647, 'b': 6272}
add i -1
{'f': 0, 'i': 2, 'p': 1305886272, 'a': 2147483647, 'b': 6272}
jgz i -9
{'f': 0, 'i': 2, 'p': 1305886272, 'a': 2147483647, 'b': 6272}
mul p 8505
{'f': 0, 'i': 2, 'p': 11106562743360, 'a': 2147483647, 'b': 6272}
mod p a
{'f': 0, 'i': 2, 'p': 1924804723, 'a': 2147483647, 'b': 6272}
mul p 129749
{'f': 0, 'i': 2, 'p': 249741488004527, 'a': 2147483647, 'b': 6272}
add p 12345
{'f': 0, 'i': 2, 'p': 249741488016872, 'a': 2147483647, 'b': 6272}
mod p a
{'f': 0, 'i': 2, 'p': 2024772654, 'a': 2147483647, 'b': 6272}
set b p
{'f': 0, 'i': 2, 'p': 2024772654, 'a': 2147483647, 'b': 2024772654}
mod b 10000
{'f': 0, 'i': 2, 'p': 2024772654, 'a': 2147483647, 'b': 2654}
snd b
{'f': 0, 'i': 2, 'p': 2024772654, 'a': 2147483647, 'b': 2654}
add i -1
{'f': 0, 'i': 1, 'p': 2024772654, 'a': 2147483647, 'b': 2654}
jgz i -9
{'f': 0, 'i': 1, 'p': 2024772654, 'a': 2147483647, 'b': 2654}
mul p 8505
{'f': 0, 'i': 1, 'p': 17220691422270, 'a': 2147483647, 'b': 2654}
mod p a
{'f': 0, 'i': 1, 'p': 20056977, 'a': 2147483647, 'b': 2654}
mul p 129749
{'f': 0, 'i': 1, 'p': 2602372708773, 'a': 2147483647, 'b': 2654}
add p 12345
{'f': 0, 'i': 1, 'p': 2602372721118, 'a': 2147483647, 'b': 2654}
mod p a
{'f': 0, 'i': 1, 'p': 1770024601, 'a': 2147483647, 'b': 2654}
set b p
{'f': 0, 'i': 1, 'p': 1770024601, 'a': 2147483647, 'b': 1770024601}
mod b 10000
{'f': 0, 'i': 1, 'p': 1770024601, 'a': 2147483647, 'b': 4601}
snd b
{'f': 0, 'i': 1, 'p': 1770024601, 'a': 2147483647, 'b': 4601}
add i -1
{'f': 0, 'i': 0, 'p': 1770024601, 'a': 2147483647, 'b': 4601}
jgz i -9
{'f': 0, 'i': 0, 'p': 1770024601, 'a': 2147483647, 'b': 4601}
jgz a 3
{'f': 0, 'i': 0, 'p': 1770024601, 'a': 2147483647, 'b': 4601}
set f 0
{'f': 0, 'i': 0, 'p': 1770024601, 'a': 2147483647, 'b': 4601}
set i 126
{'f': 0, 'i': 126, 'p': 1770024601, 'a': 2147483647, 'b': 4601}
rcv a
4601
